#
# A fatal error has been detected by the Java Runtime Environment:
#
#  SIGSEGV (0xb) at pc=0x0000000127298eed, pid=5562, tid=14595
#
# JRE version: Java(TM) SE Runtime Environment (8.0_91-b14) (build 1.8.0_91-b14)
# Java VM: Java HotSpot(TM) 64-Bit Server VM (25.91-b14 mixed mode bsd-amd64 compressed oops)
# Problematic frame:
# C  [sqlite-3.8.11.2-4d8be69a-0e43-4918-8587-add625c7677c-libsqlitejdbc.jnilib+0xdeed]  sqlite3_reset+0x3d
#
# Failed to write core dump. Core dumps have been disabled. To enable core dumping, try "ulimit -c unlimited" before starting Java again
#
# If you would like to submit a bug report, please visit:
#   http://bugreport.java.com/bugreport/crash.jsp
# The crash happened outside the Java Virtual Machine in native code.
# See problematic frame for where to report the bug.
#

---------------  T H R E A D  ---------------

Current thread (0x00007fd838040800):  JavaThread "Finalizer" daemon [_thread_in_native, id=14595, stack(0x000070000ea07000,0x000070000eb07000)]

siginfo: si_signo: 11 (SIGSEGV), si_code: 0 (unknown), si_addr: 0x0000000000000000

Registers:
RAX=0x4000000000000000, RBX=0x00000001271159a8, RCX=0x0000000108818340, RDX=0x00007fd838e7fe70
RSP=0x000070000eb06690, RBP=0x000070000eb066b0, RSI=0x000070000eb06788, RDI=0x00007fd838e7fe70
R8 =0x00007fd837714740, R9 =0x0000000000601a52, R10=0x000000010967c443, R11=0x00000001084de357
R12=0x0000000000000000, R13=0x00000001271159a8, R14=0x000070000eb06788, R15=0x00007fd838040800
RIP=0x0000000127298eed, EFLAGS=0x0000000000010202, ERR=0x0000000000000000
  TRAPNO=0x000000000000000d

Top of Stack: (sp=0x000070000eb06690)
0x000070000eb06690:   4000000000000000 00007fd838e7fe70
0x000070000eb066a0:   00007fd838e7fe70 00007fd838e7fe70
0x000070000eb066b0:   000070000eb066e0 000000012728d445
0x000070000eb066c0:   0000000109675d07 00007fd838e7fe70
0x000070000eb066d0:   000070000eb06788 00007fd8380409f8
0x000070000eb066e0:   000070000eb06758 000000010967c46f
0x000070000eb066f0:   000070000eb06758 000000010967c233
0x000070000eb06700:   000000010967c1f1 0000000000000003
0x000070000eb06710:   00000006c158f158 000070000eb06708
0x000070000eb06720:   00000001271159a8 000070000eb06788
0x000070000eb06730:   000000012712c160 0000000000000000
0x000070000eb06740:   00000001271159a8 0000000000000000
0x000070000eb06750:   000070000eb06778 000070000eb067d0
0x000070000eb06760:   000000010966bd00 0000000000000000
0x000070000eb06770:   0000000109675536 00007fd838e7fe70
0x000070000eb06780:   00007fd838e7fe70 00000006c158f158
0x000070000eb06790:   000070000eb06790 0000000127155511
0x000070000eb067a0:   000070000eb067e0 00000001271557a8
0x000070000eb067b0:   0000000000000000 0000000127155558
0x000070000eb067c0:   000070000eb06778 000070000eb067e0
0x000070000eb067d0:   000070000eb06828 000000010966c2bd
0x000070000eb067e0:   00000006c158f280 000070000eb067e8
0x000070000eb067f0:   00000001271505f9 000070000eb06838
0x000070000eb06800:   0000000127155b70 0000000000000000
0x000070000eb06810:   0000000127150618 000070000eb067e0
0x000070000eb06820:   000070000eb06840 000070000eb06948
0x000070000eb06830:   000000010994bc24 00000006c158f280
0x000070000eb06840:   00007fd838040800 0000000000000000
0x000070000eb06850:   00000006c003a148 00000006c003a138
0x000070000eb06860:   0000000000000000 0000000000000000
0x000070000eb06870:   00000006c146ca50 00000006c003a180
0x000070000eb06880:   0000000000000019 00000006c146ca50 

Instructions: (pc=0x0000000127298eed)
0x0000000127298ecd:   00 00 00 00 e9 73 00 00 00 48 8b 45 f8 48 89 45
0x0000000127298edd:   e8 48 8b 45 e8 48 8b 00 48 89 45 e0 48 8b 45 e0
0x0000000127298eed:   48 8b 78 18 e8 0a 67 ff ff 48 8b 45 e8 48 81 b8
0x0000000127298efd:   b8 00 00 00 00 00 00 00 0f 8e 0d 00 00 00 48 8b 

Register to memory mapping:

RAX=0x4000000000000000 is an unknown value
RBX={method} {0x00000001271159a8} 'reset' '(J)I' in 'org/sqlite/core/NativeDB'
RCX=0x0000000108818340: UseMembar+0 in /Library/Java/JavaVirtualMachines/jdk1.8.0_91.jdk/Contents/Home/jre/lib/server/libjvm.dylib at 0x0000000108000000
RDX=0x00007fd838e7fe70 is an unknown value
RSP=0x000070000eb06690 is pointing into the stack for thread: 0x00007fd838040800
RBP=0x000070000eb066b0 is pointing into the stack for thread: 0x00007fd838040800
RSI=0x000070000eb06788 is pointing into the stack for thread: 0x00007fd838040800
RDI=0x00007fd838e7fe70 is an unknown value
R8 =0x00007fd837714740 is an unknown value
R9 =0x0000000000601a52 is an unknown value
R10=0x000000010967c443 is at code_begin+1187 in an Interpreter codelet
method entry point (kind = native_synchronized)  [0x000000010967bfa0, 0x000000010967ca20]  2688 bytes
R11=0x00000001084de357: throw_unsatisfied_link_error+0 in /Library/Java/JavaVirtualMachines/jdk1.8.0_91.jdk/Contents/Home/jre/lib/server/libjvm.dylib at 0x0000000108000000
R12=0x0000000000000000 is an unknown value
R13={method} {0x00000001271159a8} 'reset' '(J)I' in 'org/sqlite/core/NativeDB'
R14=0x000070000eb06788 is pointing into the stack for thread: 0x00007fd838040800
R15=0x00007fd838040800 is a thread


Stack: [0x000070000ea07000,0x000070000eb07000],  sp=0x000070000eb06690,  free space=1021k
Native frames: (J=compiled Java code, j=interpreted, Vv=VM code, C=native code)
C  [sqlite-3.8.11.2-4d8be69a-0e43-4918-8587-add625c7677c-libsqlitejdbc.jnilib+0xdeed]  sqlite3_reset+0x3d
C  [sqlite-3.8.11.2-4d8be69a-0e43-4918-8587-add625c7677c-libsqlitejdbc.jnilib+0x2445]  Java_org_sqlite_core_NativeDB_reset+0x25
j  org.sqlite.core.NativeDB.reset(J)I+0
j  org.sqlite.core.CoreResultSet.close()V+81
j  org.sqlite.jdbc3.JDBC3ResultSet.finalize()V+1
J 1179 C1 java.lang.ref.Finalizer.runFinalizer(Lsun/misc/JavaLangAccess;)V (62 bytes) @ 0x000000010994bc24 [0x000000010994ba20+0x204]
J 1178 C1 java.lang.ref.Finalizer.access$100(Ljava/lang/ref/Finalizer;Lsun/misc/JavaLangAccess;)V (6 bytes) @ 0x000000010994b714 [0x000000010994b700+0x14]
j  java.lang.ref.Finalizer$FinalizerThread.run()V+45
v  ~StubRoutines::call_stub
V  [libjvm.dylib+0x2ec1e6]  JavaCalls::call_helper(JavaValue*, methodHandle*, JavaCallArguments*, Thread*)+0x6ae
V  [libjvm.dylib+0x2ec974]  JavaCalls::call_virtual(JavaValue*, KlassHandle, Symbol*, Symbol*, JavaCallArguments*, Thread*)+0x164
V  [libjvm.dylib+0x2ecb20]  JavaCalls::call_virtual(JavaValue*, Handle, KlassHandle, Symbol*, Symbol*, Thread*)+0x4a
V  [libjvm.dylib+0x34726d]  thread_entry(JavaThread*, Thread*)+0x7c
V  [libjvm.dylib+0x563d17]  JavaThread::thread_main_inner()+0x9b
V  [libjvm.dylib+0x565412]  JavaThread::run()+0x1c2
V  [libjvm.dylib+0x484f82]  java_start(Thread*)+0xf6
C  [libsystem_pthread.dylib+0x393b]  _pthread_body+0xb4
C  [libsystem_pthread.dylib+0x3887]  _pthread_body+0x0
C  [libsystem_pthread.dylib+0x308d]  thread_start+0xd
C  0x0000000000000000

Java frames: (J=compiled Java code, j=interpreted, Vv=VM code)
j  org.sqlite.core.NativeDB.reset(J)I+0
j  org.sqlite.core.CoreResultSet.close()V+81
j  org.sqlite.jdbc3.JDBC3ResultSet.finalize()V+1
J 1179 C1 java.lang.ref.Finalizer.runFinalizer(Lsun/misc/JavaLangAccess;)V (62 bytes) @ 0x000000010994bc24 [0x000000010994ba20+0x204]
J 1178 C1 java.lang.ref.Finalizer.access$100(Ljava/lang/ref/Finalizer;Lsun/misc/JavaLangAccess;)V (6 bytes) @ 0x000000010994b714 [0x000000010994b700+0x14]
j  java.lang.ref.Finalizer$FinalizerThread.run()V+45
v  ~StubRoutines::call_stub

---------------  P R O C E S S  ---------------

Java Threads: ( => current thread )
  0x00007fd837c74000 JavaThread "restartedMain" [_thread_in_vm, id=37135, stack(0x000070000f72e000,0x000070000f82e000)]
  0x00007fd839afb000 JavaThread "Thread-15" [_thread_blocked, id=24331, stack(0x000070000f62b000,0x000070000f72b000)]
  0x00007fd839d04800 JavaThread "http-nio-8080-AsyncTimeout" daemon [_thread_blocked, id=37383, stack(0x000070001127f000,0x000070001137f000)]
  0x00007fd8383ac000 JavaThread "RMI TCP Connection(15)-127.0.0.1" daemon [_thread_in_native, id=23815, stack(0x000070000f528000,0x000070000f628000)]
  0x00007fd8380f5800 JavaThread "DestroyJavaVM" [_thread_blocked, id=7171, stack(0x000070000dee6000,0x000070000dfe6000)]
  0x00007fd839c8a800 JavaThread "Live Reload Server" daemon [_thread_in_native, id=28423, stack(0x0000700010049000,0x0000700010149000)]
  0x00007fd839b7b000 JavaThread "JMX server connection timeout 20" daemon [_thread_blocked, id=25347, stack(0x000070000fa37000,0x000070000fb37000)]
  0x00007fd839b7a800 JavaThread "RMI Scheduler(0)" daemon [_thread_blocked, id=4103, stack(0x000070000f831000,0x000070000f931000)]
  0x00007fd839a7c000 JavaThread "RMI TCP Accept-0" daemon [_thread_in_native, id=22787, stack(0x000070000f322000,0x000070000f422000)]
  0x00007fd837929800 JavaThread "RMI TCP Accept-63472" daemon [_thread_in_native, id=22275, stack(0x000070000f21f000,0x000070000f31f000)]
  0x00007fd839a61000 JavaThread "RMI TCP Accept-0" daemon [_thread_in_native, id=21763, stack(0x000070000f11c000,0x000070000f21c000)]
  0x00007fd838067000 JavaThread "Service Thread" daemon [_thread_blocked, id=21251, stack(0x000070000f019000,0x000070000f119000)]
  0x00007fd839008800 JavaThread "C1 CompilerThread3" daemon [_thread_blocked, id=20739, stack(0x000070000ef16000,0x000070000f016000)]
  0x00007fd839008000 JavaThread "C2 CompilerThread2" daemon [_thread_blocked, id=20227, stack(0x000070000ee13000,0x000070000ef13000)]
  0x00007fd839007000 JavaThread "C2 CompilerThread1" daemon [_thread_blocked, id=19715, stack(0x000070000ed10000,0x000070000ee10000)]
  0x00007fd839005800 JavaThread "C2 CompilerThread0" daemon [_thread_blocked, id=19203, stack(0x000070000ec0d000,0x000070000ed0d000)]
  0x00007fd839004000 JavaThread "Signal Dispatcher" daemon [_thread_blocked, id=18691, stack(0x000070000eb0a000,0x000070000ec0a000)]
=>0x00007fd838040800 JavaThread "Finalizer" daemon [_thread_in_native, id=14595, stack(0x000070000ea07000,0x000070000eb07000)]
  0x00007fd838000800 JavaThread "Reference Handler" daemon [_thread_blocked, id=14083, stack(0x000070000e904000,0x000070000ea04000)]

Other Threads:
  0x00007fd837820000 VMThread [stack: 0x000070000e801000,0x000070000e901000] [id=13571]
  0x00007fd8380f2800 WatcherThread [stack: 0x000070000f425000,0x000070000f525000] [id=23299]

VM state:not at safepoint (normal execution)

VM Mutex/Monitor currently owned by a thread: None

Heap:
 PSYoungGen      total 447488K, used 6945K [0x000000076ab00000, 0x0000000787480000, 0x00000007c0000000)
  eden space 429568K, 1% used [0x000000076ab00000,0x000000076b1c84d0,0x0000000784e80000)
  from space 17920K, 0% used [0x0000000786100000,0x0000000786100000,0x0000000787280000)
  to   space 18944K, 0% used [0x0000000784e80000,0x0000000784e80000,0x0000000786100000)
 ParOldGen       total 84992K, used 22077K [0x00000006c0000000, 0x00000006c5300000, 0x000000076ab00000)
  object space 84992K, 25% used [0x00000006c0000000,0x00000006c158f588,0x00000006c5300000)
 Metaspace       used 33884K, capacity 34496K, committed 34688K, reserved 1079296K
  class space    used 4270K, capacity 4449K, committed 4480K, reserved 1048576K

Card table byte_map: [0x0000000118664000,0x0000000118e65000] byte_map_base: 0x0000000115064000

Marking Bits: (ParMarkBitMap*) 0x00000001088e6eb0
 Begin Bits: [0x00000001193bb000, 0x000000011d3bb000)
 End Bits:   [0x000000011d3bb000, 0x00000001213bb000)

Polling page: 0x0000000106f8c000

CodeCache: size=245760Kb used=9271Kb max_used=9271Kb free=236488Kb
 bounds [0x0000000109664000, 0x0000000109f74000, 0x0000000118664000]
 total_blobs=4621 nmethods=3943 adapters=590
 compilation: enabled

Compilation events (10 events):
Event: 204.940 Thread 0x00007fd839008800 4015       1       java.util.AbstractMap$1$1::hasNext (10 bytes)
Event: 204.940 Thread 0x00007fd839008800 nmethod 4015 0x0000000109f71610 code [0x0000000109f71780, 0x0000000109f718c8]
Event: 204.941 Thread 0x00007fd839008800 4016       1       org.springframework.util.ConcurrentReferenceHashMap$EntryIterator::hasNext (17 bytes)
Event: 204.941 Thread 0x00007fd839008800 nmethod 4016 0x0000000109f71950 code [0x0000000109f71ac0, 0x0000000109f71c08]
Event: 204.941 Thread 0x00007fd839008800 4017       1       java.util.AbstractMap$1$1::next (18 bytes)
Event: 204.941 Thread 0x00007fd839008800 nmethod 4017 0x0000000109f71c90 code [0x0000000109f71e00, 0x0000000109f71fb8]
Event: 204.942 Thread 0x00007fd839008800 4018       1       org.springframework.util.ConcurrentReferenceHashMap$EntryIterator::next (5 bytes)
Event: 204.942 Thread 0x00007fd839008800 nmethod 4018 0x0000000109f72050 code [0x0000000109f721c0, 0x0000000109f722e8]
Event: 204.942 Thread 0x00007fd839008800 4014       1       com.sun.jmx.mbeanserver.NamedObject::getObject (5 bytes)
Event: 204.942 Thread 0x00007fd839008800 nmethod 4014 0x0000000109f72390 code [0x0000000109f724e0, 0x0000000109f725f0]

GC Heap History (10 events):
Event: 57.932 GC heap before
{Heap before GC invocations=9 (full 1):
 PSYoungGen      total 134656K, used 93535K [0x000000076ab00000, 0x000000077ad00000, 0x00000007c0000000)
  eden space 119296K, 65% used [0x000000076ab00000,0x000000076f75a670,0x0000000771f80000)
  from space 15360K, 99% used [0x0000000771f80000,0x0000000772e7d948,0x0000000772e80000)
  to   space 17920K, 0% used [0x0000000779b80000,0x0000000779b80000,0x000000077ad00000)
 ParOldGen       total 84992K, used 15907K [0x00000006c0000000, 0x00000006c5300000, 0x000000076ab00000)
  object space 84992K, 18% used [0x00000006c0000000,0x00000006c0f88ef0,0x00000006c5300000)
 Metaspace       used 33670K, capacity 34168K, committed 34432K, reserved 1079296K
  class space    used 4244K, capacity 4383K, committed 4480K, reserved 1048576K
Event: 57.942 GC heap after
Heap after GC invocations=9 (full 1):
 PSYoungGen      total 246272K, used 10223K [0x000000076ab00000, 0x000000077ad00000, 0x00000007c0000000)
  eden space 228352K, 0% used [0x000000076ab00000,0x000000076ab00000,0x0000000778a00000)
  from space 17920K, 57% used [0x0000000779b80000,0x000000077a57bce0,0x000000077ad00000)
  to   space 17920K, 0% used [0x0000000778a00000,0x0000000778a00000,0x0000000779b80000)
 ParOldGen       total 84992K, used 20072K [0x00000006c0000000, 0x00000006c5300000, 0x000000076ab00000)
  object space 84992K, 23% used [0x00000006c0000000,0x00000006c139a2e8,0x00000006c5300000)
 Metaspace       used 33670K, capacity 34168K, committed 34432K, reserved 1079296K
  class space    used 4244K, capacity 4383K, committed 4480K, reserved 1048576K
}
Event: 57.942 GC heap before
{Heap before GC invocations=10 (full 2):
 PSYoungGen      total 246272K, used 10223K [0x000000076ab00000, 0x000000077ad00000, 0x00000007c0000000)
  eden space 228352K, 0% used [0x000000076ab00000,0x000000076ab00000,0x0000000778a00000)
  from space 17920K, 57% used [0x0000000779b80000,0x000000077a57bce0,0x000000077ad00000)
  to   space 17920K, 0% used [0x0000000778a00000,0x0000000778a00000,0x0000000779b80000)
 ParOldGen       total 84992K, used 20072K [0x00000006c0000000, 0x00000006c5300000, 0x000000076ab00000)
  object space 84992K, 23% used [0x00000006c0000000,0x00000006c139a2e8,0x00000006c5300000)
 Metaspace       used 33670K, capacity 34168K, committed 34432K, reserved 1079296K
  class space    used 4244K, capacity 4383K, committed 4480K, reserved 1048576K
Event: 58.035 GC heap after
Heap after GC invocations=10 (full 2):
 PSYoungGen      total 246272K, used 0K [0x000000076ab00000, 0x000000077ad00000, 0x00000007c0000000)
  eden space 228352K, 0% used [0x000000076ab00000,0x000000076ab00000,0x0000000778a00000)
  from space 17920K, 0% used [0x0000000779b80000,0x0000000779b80000,0x000000077ad00000)
  to   space 17920K, 0% used [0x0000000778a00000,0x0000000778a00000,0x0000000779b80000)
 ParOldGen       total 84992K, used 22525K [0x00000006c0000000, 0x00000006c5300000, 0x000000076ab00000)
  object space 84992K, 26% used [0x00000006c0000000,0x00000006c15ff740,0x00000006c5300000)
 Metaspace       used 33664K, capacity 34150K, committed 34432K, reserved 1079296K
  class space    used 4242K, capacity 4380K, committed 4480K, reserved 1048576K
}
Event: 68.750 GC heap before
{Heap before GC invocations=11 (full 2):
 PSYoungGen      total 246272K, used 228352K [0x000000076ab00000, 0x000000077ad00000, 0x00000007c0000000)
  eden space 228352K, 100% used [0x000000076ab00000,0x0000000778a00000,0x0000000778a00000)
  from space 17920K, 0% used [0x0000000779b80000,0x0000000779b80000,0x000000077ad00000)
  to   space 17920K, 0% used [0x0000000778a00000,0x0000000778a00000,0x0000000779b80000)
 ParOldGen       total 84992K, used 22525K [0x00000006c0000000, 0x00000006c5300000, 0x000000076ab00000)
  object space 84992K, 26% used [0x00000006c0000000,0x00000006c15ff740,0x00000006c5300000)
 Metaspace       used 33872K, capacity 34478K, committed 34688K, reserved 1079296K
  class space    used 4268K, capacity 4444K, committed 4480K, reserved 1048576K
Event: 68.756 GC heap after
Heap after GC invocations=11 (full 2):
 PSYoungGen      total 246272K, used 6088K [0x000000076ab00000, 0x0000000787280000, 0x00000007c0000000)
  eden space 228352K, 0% used [0x000000076ab00000,0x000000076ab00000,0x0000000778a00000)
  from space 17920K, 33% used [0x0000000778a00000,0x0000000778ff2188,0x0000000779b80000)
  to   space 17920K, 0% used [0x0000000786100000,0x0000000786100000,0x0000000787280000)
 ParOldGen       total 84992K, used 22533K [0x00000006c0000000, 0x00000006c5300000, 0x000000076ab00000)
  object space 84992K, 26% used [0x00000006c0000000,0x00000006c1601740,0x00000006c5300000)
 Metaspace       used 33872K, capacity 34478K, committed 34688K, reserved 1079296K
  class space    used 4268K, capacity 4444K, committed 4480K, reserved 1048576K
}
Event: 204.769 GC heap before
{Heap before GC invocations=12 (full 2):
 PSYoungGen      total 246272K, used 48601K [0x000000076ab00000, 0x0000000787280000, 0x00000007c0000000)
  eden space 228352K, 18% used [0x000000076ab00000,0x000000076d484310,0x0000000778a00000)
  from space 17920K, 33% used [0x0000000778a00000,0x0000000778ff2188,0x0000000779b80000)
  to   space 17920K, 0% used [0x0000000786100000,0x0000000786100000,0x0000000787280000)
 ParOldGen       total 84992K, used 22533K [0x00000006c0000000, 0x00000006c5300000, 0x000000076ab00000)
  object space 84992K, 26% used [0x00000006c0000000,0x00000006c1601740,0x00000006c5300000)
 Metaspace       used 33882K, capacity 34490K, committed 34688K, reserved 1079296K
  class space    used 4269K, capacity 4447K, committed 4480K, reserved 1048576K
Event: 204.771 GC heap after
Heap after GC invocations=12 (full 2):
 PSYoungGen      total 447488K, used 1974K [0x000000076ab00000, 0x0000000787480000, 0x00000007c0000000)
  eden space 429568K, 0% used [0x000000076ab00000,0x000000076ab00000,0x0000000784e80000)
  from space 17920K, 11% used [0x0000000786100000,0x00000007862ed830,0x0000000787280000)
  to   space 18944K, 0% used [0x0000000784e80000,0x0000000784e80000,0x0000000786100000)
 ParOldGen       total 84992K, used 22541K [0x00000006c0000000, 0x00000006c5300000, 0x000000076ab00000)
  object space 84992K, 26% used [0x00000006c0000000,0x00000006c1603740,0x00000006c5300000)
 Metaspace       used 33882K, capacity 34490K, committed 34688K, reserved 1079296K
  class space    used 4269K, capacity 4447K, committed 4480K, reserved 1048576K
}
Event: 204.771 GC heap before
{Heap before GC invocations=13 (full 3):
 PSYoungGen      total 447488K, used 1974K [0x000000076ab00000, 0x0000000787480000, 0x00000007c0000000)
  eden space 429568K, 0% used [0x000000076ab00000,0x000000076ab00000,0x0000000784e80000)
  from space 17920K, 11% used [0x0000000786100000,0x00000007862ed830,0x0000000787280000)
  to   space 18944K, 0% used [0x0000000784e80000,0x0000000784e80000,0x0000000786100000)
 ParOldGen       total 84992K, used 22541K [0x00000006c0000000, 0x00000006c5300000, 0x000000076ab00000)
  object space 84992K, 26% used [0x00000006c0000000,0x00000006c1603740,0x00000006c5300000)
 Metaspace       used 33882K, capacity 34490K, committed 34688K, reserved 1079296K
  class space    used 4269K, capacity 4447K, committed 4480K, reserved 1048576K
Event: 204.940 GC heap after
Heap after GC invocations=13 (full 3):
 PSYoungGen      total 447488K, used 0K [0x000000076ab00000, 0x0000000787480000, 0x00000007c0000000)
  eden space 429568K, 0% used [0x000000076ab00000,0x000000076ab00000,0x0000000784e80000)
  from space 17920K, 0% used [0x0000000786100000,0x0000000786100000,0x0000000787280000)
  to   space 18944K, 0% used [0x0000000784e80000,0x0000000784e80000,0x0000000786100000)
 ParOldGen       total 84992K, used 22077K [0x00000006c0000000, 0x00000006c5300000, 0x000000076ab00000)
  object space 84992K, 25% used [0x00000006c0000000,0x00000006c158f588,0x00000006c5300000)
 Metaspace       used 33882K, capacity 34490K, committed 34688K, reserved 1079296K
  class space    used 4269K, capacity 4447K, committed 4480K, reserved 1048576K
}

Deoptimization events (0 events):
No events

Internal exceptions (10 events):
Event: 68.359 Thread 0x00007fd839166800 Exception <a 'java/lang/ArrayIndexOutOfBoundsException'> (0x000000077007c700) thrown at [/Users/java_re/workspace/8-2-build-macosx-x86_64/jdk8u91/6644/hotspot/src/share/vm/runtime/sharedRuntime.cpp, line 605]
Event: 68.362 Thread 0x00007fd839166800 Exception <a 'java/lang/ArrayIndexOutOfBoundsException'> (0x00000007700cc5d0) thrown at [/Users/java_re/workspace/8-2-build-macosx-x86_64/jdk8u91/6644/hotspot/src/share/vm/runtime/sharedRuntime.cpp, line 605]
Event: 68.383 Thread 0x00007fd839166800 Exception <a 'java/lang/ArrayIndexOutOfBoundsException'> (0x000000077036af00) thrown at [/Users/java_re/workspace/8-2-build-macosx-x86_64/jdk8u91/6644/hotspot/src/share/vm/runtime/sharedRuntime.cpp, line 605]
Event: 68.391 Thread 0x00007fd839166800 Exception <a 'java/lang/ArrayIndexOutOfBoundsException'> (0x0000000770486940) thrown at [/Users/java_re/workspace/8-2-build-macosx-x86_64/jdk8u91/6644/hotspot/src/share/vm/runtime/sharedRuntime.cpp, line 605]
Event: 68.397 Thread 0x00007fd839166800 Exception <a 'java/lang/ArrayIndexOutOfBoundsException'> (0x0000000770502ed8) thrown at [/Users/java_re/workspace/8-2-build-macosx-x86_64/jdk8u91/6644/hotspot/src/share/vm/runtime/sharedRuntime.cpp, line 605]
Event: 71.643 Thread 0x00007fd839cc2000 Exception <a 'java/lang/ClassNotFoundException': java/lang/ObjectCustomizer> (0x000000076b4361b0) thrown at [/Users/java_re/workspace/8-2-build-macosx-x86_64/jdk8u91/6644/hotspot/src/share/vm/classfile/systemDictionary.cpp, line 210]
Event: 71.643 Thread 0x00007fd839cc2000 Exception <a 'java/lang/ArrayIndexOutOfBoundsException'> (0x000000076b4394e8) thrown at [/Users/java_re/workspace/8-2-build-macosx-x86_64/jdk8u91/6644/hotspot/src/share/vm/runtime/sharedRuntime.cpp, line 605]
Event: 71.644 Thread 0x00007fd839cc2000 Exception <a 'java/lang/ClassNotFoundException': net/contal/spring/model/DatesDtoCustomizer> (0x000000076b44e4e0) thrown at [/Users/java_re/workspace/8-2-build-macosx-x86_64/jdk8u91/6644/hotspot/src/share/vm/classfile/systemDictionary.cpp, line 210]
Event: 204.762 Thread 0x00007fd837c6a000 Exception <a 'java/lang/InterruptedException': sleep interrupted> (0x000000076bc3e0f0) thrown at [/Users/java_re/workspace/8-2-build-macosx-x86_64/jdk8u91/6644/hotspot/src/share/vm/prims/jvm.cpp, line 3215]
Event: 204.767 Thread 0x00007fd8383af800 Exception <a 'java/lang/InterruptedException': sleep interrupted> (0x000000076d405588) thrown at [/Users/java_re/workspace/8-2-build-macosx-x86_64/jdk8u91/6644/hotspot/src/share/vm/prims/jvm.cpp, line 3215]

Events (10 events):
Event: 204.940 Thread 0x00007fd83a82e000 Thread added: 0x00007fd83a82e000
Event: 204.940 Executing VM operation: RevokeBias done
Event: 204.940 Executing VM operation: RevokeBias
Event: 204.940 Executing VM operation: RevokeBias done
Event: 204.941 Executing VM operation: RevokeBias
Event: 204.941 Executing VM operation: RevokeBias done
Event: 204.941 Thread 0x00007fd83a82e000 Thread exited: 0x00007fd83a82e000
Event: 204.941 Thread 0x00007fd837c74000 Thread added: 0x00007fd837c74000
Event: 204.941 Executing VM operation: RevokeBias
Event: 204.941 Executing VM operation: RevokeBias done


Dynamic libraries:
0x000000002c4ca000 	/System/Library/Frameworks/Cocoa.framework/Versions/A/Cocoa
0x000000002c4ca000 	/System/Library/Frameworks/Security.framework/Versions/A/Security
0x000000002c4ca000 	/System/Library/Frameworks/ApplicationServices.framework/Versions/A/ApplicationServices
0x000000002c4ca000 	/usr/lib/libz.1.dylib
0x000000002c4ca000 	/usr/lib/libSystem.B.dylib
0x000000002c4ca000 	/usr/lib/libobjc.A.dylib
0x000000002c4ca000 	/System/Library/Frameworks/CoreFoundation.framework/Versions/A/CoreFoundation
0x000000002c4ca000 	/System/Library/Frameworks/Foundation.framework/Versions/C/Foundation
0x000000002c4ca000 	/System/Library/Frameworks/AppKit.framework/Versions/C/AppKit
0x000000002c4ca000 	/System/Library/Frameworks/CoreData.framework/Versions/A/CoreData
0x000000002c4ca000 	/System/Library/PrivateFrameworks/RemoteViewServices.framework/Versions/A/RemoteViewServices
0x000000002c4ca000 	/System/Library/PrivateFrameworks/UIFoundation.framework/Versions/A/UIFoundation
0x000000002c4ca000 	/System/Library/PrivateFrameworks/DFRFoundation.framework/Versions/A/DFRFoundation
0x000000002c4ca000 	/usr/lib/libenergytrace.dylib
0x000000002c4ca000 	/System/Library/PrivateFrameworks/SkyLight.framework/Versions/A/SkyLight
0x000000002c4ca000 	/System/Library/Frameworks/CoreGraphics.framework/Versions/A/CoreGraphics
0x000000002c4ca000 	/usr/lib/libScreenReader.dylib
0x000000002c4ca000 	/System/Library/Frameworks/Accelerate.framework/Versions/A/Accelerate
0x000000002c4ca000 	/System/Library/Frameworks/IOSurface.framework/Versions/A/IOSurface
0x000000002c4ca000 	/System/Library/Frameworks/AudioToolbox.framework/Versions/A/AudioToolbox
0x000000002c4ca000 	/System/Library/Frameworks/AudioUnit.framework/Versions/A/AudioUnit
0x000000002c4ca000 	/System/Library/PrivateFrameworks/DataDetectorsCore.framework/Versions/A/DataDetectorsCore
0x000000002c4ca000 	/System/Library/PrivateFrameworks/DesktopServicesPriv.framework/Versions/A/DesktopServicesPriv
0x000000002c4ca000 	/System/Library/Frameworks/Carbon.framework/Versions/A/Frameworks/HIToolbox.framework/Versions/A/HIToolbox
0x000000002c4ca000 	/usr/lib/libicucore.A.dylib
0x000000002c4ca000 	/System/Library/Frameworks/QuartzCore.framework/Versions/A/QuartzCore
0x000000002c4ca000 	/System/Library/Frameworks/Carbon.framework/Versions/A/Frameworks/SpeechRecognition.framework/Versions/A/SpeechRecognition
0x000000002c4ca000 	/usr/lib/libauto.dylib
0x000000002c4ca000 	/usr/lib/libxml2.2.dylib
0x000000002c4ca000 	/System/Library/PrivateFrameworks/CoreUI.framework/Versions/A/CoreUI
0x000000002c4ca000 	/System/Library/Frameworks/CoreAudio.framework/Versions/A/CoreAudio
0x000000002c4ca000 	/System/Library/Frameworks/DiskArbitration.framework/Versions/A/DiskArbitration
0x000000002c4ca000 	/usr/lib/liblangid.dylib
0x000000002c4ca000 	/System/Library/PrivateFrameworks/MultitouchSupport.framework/Versions/A/MultitouchSupport
0x000000002c4ca000 	/System/Library/Frameworks/IOKit.framework/Versions/A/IOKit
0x000000002c4ca000 	/usr/lib/libDiagnosticMessagesClient.dylib
0x000000002c4ca000 	/System/Library/Frameworks/CoreServices.framework/Versions/A/CoreServices
0x000000002c4ca000 	/System/Library/PrivateFrameworks/PerformanceAnalysis.framework/Versions/A/PerformanceAnalysis
0x000000002c4ca000 	/System/Library/PrivateFrameworks/GenerationalStorage.framework/Versions/A/GenerationalStorage
0x000000002c4ca000 	/System/Library/Frameworks/OpenGL.framework/Versions/A/OpenGL
0x000000002c4ca000 	/System/Library/Frameworks/CoreImage.framework/Versions/A/CoreImage
0x000000002c4ca000 	/System/Library/Frameworks/CoreText.framework/Versions/A/CoreText
0x000000002c4ca000 	/System/Library/Frameworks/ImageIO.framework/Versions/A/ImageIO
0x000000002c4ca000 	/System/Library/PrivateFrameworks/Backup.framework/Versions/A/Backup
0x000000002c4ca000 	/usr/lib/libarchive.2.dylib
0x000000002c4ca000 	/System/Library/Frameworks/CFNetwork.framework/Versions/A/CFNetwork
0x000000002c4ca000 	/System/Library/Frameworks/SystemConfiguration.framework/Versions/A/SystemConfiguration
0x000000002c4ca000 	/usr/lib/libCRFSuite.dylib
0x000000002c4ca000 	/usr/lib/libc++.1.dylib
0x000000002c4ca000 	/usr/lib/libc++abi.dylib
0x000000002c4ca000 	/usr/lib/system/libcache.dylib
0x000000002c4ca000 	/usr/lib/system/libcommonCrypto.dylib
0x000000002c4ca000 	/usr/lib/system/libcompiler_rt.dylib
0x000000002c4ca000 	/usr/lib/system/libcopyfile.dylib
0x000000002c4ca000 	/usr/lib/system/libcorecrypto.dylib
0x000000002c4ca000 	/usr/lib/system/libdispatch.dylib
0x000000002c4ca000 	/usr/lib/system/libdyld.dylib
0x000000002c4ca000 	/usr/lib/system/libkeymgr.dylib
0x000000002c4ca000 	/usr/lib/system/liblaunch.dylib
0x000000002c4ca000 	/usr/lib/system/libmacho.dylib
0x000000002c4ca000 	/usr/lib/system/libquarantine.dylib
0x000000002c4ca000 	/usr/lib/system/libremovefile.dylib
0x000000002c4ca000 	/usr/lib/system/libsystem_asl.dylib
0x000000002c4ca000 	/usr/lib/system/libsystem_blocks.dylib
0x000000002c4ca000 	/usr/lib/system/libsystem_c.dylib
0x000000002c4ca000 	/usr/lib/system/libsystem_configuration.dylib
0x000000002c4ca000 	/usr/lib/system/libsystem_coreservices.dylib
0x000000002c4ca000 	/usr/lib/system/libsystem_coretls.dylib
0x000000002c4ca000 	/usr/lib/system/libsystem_dnssd.dylib
0x000000002c4ca000 	/usr/lib/system/libsystem_info.dylib
0x000000002c4ca000 	/usr/lib/system/libsystem_kernel.dylib
0x000000002c4ca000 	/usr/lib/system/libsystem_m.dylib
0x000000002c4ca000 	/usr/lib/system/libsystem_malloc.dylib
0x000000002c4ca000 	/usr/lib/system/libsystem_network.dylib
0x000000002c4ca000 	/usr/lib/system/libsystem_networkextension.dylib
0x000000002c4ca000 	/usr/lib/system/libsystem_notify.dylib
0x000000002c4ca000 	/usr/lib/system/libsystem_platform.dylib
0x000000002c4ca000 	/usr/lib/system/libsystem_pthread.dylib
0x000000002c4ca000 	/usr/lib/system/libsystem_sandbox.dylib
0x000000002c4ca000 	/usr/lib/system/libsystem_secinit.dylib
0x000000002c4ca000 	/usr/lib/system/libsystem_symptoms.dylib
0x000000002c4ca000 	/usr/lib/system/libsystem_trace.dylib
0x000000002c4ca000 	/usr/lib/system/libunwind.dylib
0x000000002c4ca000 	/usr/lib/system/libxpc.dylib
0x000000002c4ca000 	/usr/lib/libbsm.0.dylib
0x000000002c4ca000 	/usr/lib/system/libkxld.dylib
0x000000002c4ca000 	/usr/lib/libcoretls.dylib
0x000000002c4ca000 	/usr/lib/libcoretls_cfhelpers.dylib
0x000000002c4ca000 	/usr/lib/libOpenScriptingUtil.dylib
0x000000002c4ca000 	/usr/lib/libpam.2.dylib
0x000000002c4ca000 	/usr/lib/libsqlite3.dylib
0x000000002c4ca000 	/usr/lib/libxar.1.dylib
0x000000002c4ca000 	/usr/lib/libbz2.1.0.dylib
0x000000002c4ca000 	/usr/lib/liblzma.5.dylib
0x000000002c4ca000 	/usr/lib/libnetwork.dylib
0x000000002c4ca000 	/usr/lib/libpcap.A.dylib
0x000000002c4ca000 	/System/Library/Frameworks/CoreServices.framework/Versions/A/Frameworks/FSEvents.framework/Versions/A/FSEvents
0x000000002c4ca000 	/System/Library/Frameworks/CoreServices.framework/Versions/A/Frameworks/CarbonCore.framework/Versions/A/CarbonCore
0x000000002c4ca000 	/System/Library/Frameworks/CoreServices.framework/Versions/A/Frameworks/Metadata.framework/Versions/A/Metadata
0x000000002c4ca000 	/System/Library/Frameworks/CoreServices.framework/Versions/A/Frameworks/OSServices.framework/Versions/A/OSServices
0x000000002c4ca000 	/System/Library/Frameworks/CoreServices.framework/Versions/A/Frameworks/SearchKit.framework/Versions/A/SearchKit
0x000000002c4ca000 	/System/Library/Frameworks/CoreServices.framework/Versions/A/Frameworks/AE.framework/Versions/A/AE
0x000000002c4ca000 	/System/Library/Frameworks/CoreServices.framework/Versions/A/Frameworks/LaunchServices.framework/Versions/A/LaunchServices
0x000000002c4ca000 	/System/Library/Frameworks/CoreServices.framework/Versions/A/Frameworks/DictionaryServices.framework/Versions/A/DictionaryServices
0x000000002c4ca000 	/System/Library/Frameworks/CoreServices.framework/Versions/A/Frameworks/SharedFileList.framework/Versions/A/SharedFileList
0x000000002c4ca000 	/System/Library/Frameworks/NetFS.framework/Versions/A/NetFS
0x000000002c4ca000 	/System/Library/PrivateFrameworks/NetAuth.framework/Versions/A/NetAuth
0x000000002c4ca000 	/System/Library/PrivateFrameworks/login.framework/Versions/A/Frameworks/loginsupport.framework/Versions/A/loginsupport
0x000000002c4ca000 	/System/Library/PrivateFrameworks/TCC.framework/Versions/A/TCC
0x000000002c4ca000 	/usr/lib/libmecabra.dylib
0x000000002c4ca000 	/System/Library/Frameworks/ApplicationServices.framework/Versions/A/Frameworks/ATS.framework/Versions/A/ATS
0x000000002c4ca000 	/System/Library/Frameworks/ApplicationServices.framework/Versions/A/Frameworks/ColorSync.framework/Versions/A/ColorSync
0x000000002c4ca000 	/System/Library/Frameworks/ApplicationServices.framework/Versions/A/Frameworks/HIServices.framework/Versions/A/HIServices
0x000000002c4ca000 	/System/Library/Frameworks/ApplicationServices.framework/Versions/A/Frameworks/LangAnalysis.framework/Versions/A/LangAnalysis
0x000000002c4ca000 	/System/Library/Frameworks/ApplicationServices.framework/Versions/A/Frameworks/PrintCore.framework/Versions/A/PrintCore
0x000000002c4ca000 	/System/Library/Frameworks/ApplicationServices.framework/Versions/A/Frameworks/QD.framework/Versions/A/QD
0x000000002c4ca000 	/System/Library/Frameworks/ApplicationServices.framework/Versions/A/Frameworks/SpeechSynthesis.framework/Versions/A/SpeechSynthesis
0x000000002c4ca000 	/System/Library/Frameworks/Accelerate.framework/Versions/A/Frameworks/vImage.framework/Versions/A/vImage
0x000000002c4ca000 	/System/Library/Frameworks/Accelerate.framework/Versions/A/Frameworks/vecLib.framework/Versions/A/vecLib
0x000000002c4ca000 	/System/Library/Frameworks/Accelerate.framework/Versions/A/Frameworks/vecLib.framework/Versions/A/libvDSP.dylib
0x000000002c4ca000 	/System/Library/Frameworks/Accelerate.framework/Versions/A/Frameworks/vecLib.framework/Versions/A/libBNNS.dylib
0x000000002c4ca000 	/System/Library/Frameworks/Accelerate.framework/Versions/A/Frameworks/vecLib.framework/Versions/A/libQuadrature.dylib
0x000000002c4ca000 	/System/Library/Frameworks/Accelerate.framework/Versions/A/Frameworks/vecLib.framework/Versions/A/libvMisc.dylib
0x000000002c4ca000 	/System/Library/Frameworks/Accelerate.framework/Versions/A/Frameworks/vecLib.framework/Versions/A/libLAPACK.dylib
0x000000002c4ca000 	/System/Library/Frameworks/Accelerate.framework/Versions/A/Frameworks/vecLib.framework/Versions/A/libBLAS.dylib
0x000000002c4ca000 	/System/Library/Frameworks/Accelerate.framework/Versions/A/Frameworks/vecLib.framework/Versions/A/libLinearAlgebra.dylib
0x000000002c4ca000 	/System/Library/Frameworks/Accelerate.framework/Versions/A/Frameworks/vecLib.framework/Versions/A/libSparseBLAS.dylib
0x000000002c4ca000 	/System/Library/Frameworks/ApplicationServices.framework/Versions/A/Frameworks/ATS.framework/Versions/A/Resources/libFontParser.dylib
0x000000002c4ca000 	/System/Library/Frameworks/ApplicationServices.framework/Versions/A/Frameworks/ATS.framework/Versions/A/Resources/libFontRegistry.dylib
0x000000002c4ca000 	/System/Library/Frameworks/ImageIO.framework/Versions/A/Resources/libJPEG.dylib
0x000000002c4ca000 	/System/Library/Frameworks/ImageIO.framework/Versions/A/Resources/libTIFF.dylib
0x000000002c4ca000 	/System/Library/Frameworks/ImageIO.framework/Versions/A/Resources/libPng.dylib
0x000000002c4ca000 	/System/Library/Frameworks/ImageIO.framework/Versions/A/Resources/libGIF.dylib
0x000000002c4ca000 	/System/Library/Frameworks/ImageIO.framework/Versions/A/Resources/libJP2.dylib
0x000000002c4ca000 	/System/Library/Frameworks/ImageIO.framework/Versions/A/Resources/libRadiance.dylib
0x000000002c4ca000 	/usr/lib/libcompression.dylib
0x000000002c4ca000 	/System/Library/PrivateFrameworks/AppleJPEG.framework/Versions/A/AppleJPEG
0x000000002c4ca000 	/usr/lib/libcups.2.dylib
0x000000002c4ca000 	/System/Library/Frameworks/Kerberos.framework/Versions/A/Kerberos
0x000000002c4ca000 	/System/Library/Frameworks/GSS.framework/Versions/A/GSS
0x000000002c4ca000 	/usr/lib/libresolv.9.dylib
0x000000002c4ca000 	/usr/lib/libiconv.2.dylib
0x000000002c4ca000 	/System/Library/PrivateFrameworks/Heimdal.framework/Versions/A/Heimdal
0x000000002c4ca000 	/usr/lib/libheimdal-asn1.dylib
0x000000002c4ca000 	/System/Library/Frameworks/OpenDirectory.framework/Versions/A/OpenDirectory
0x000000002c4ca000 	/System/Library/PrivateFrameworks/CommonAuth.framework/Versions/A/CommonAuth
0x000000002c4ca000 	/System/Library/Frameworks/OpenDirectory.framework/Versions/A/Frameworks/CFOpenDirectory.framework/Versions/A/CFOpenDirectory
0x000000002c4ca000 	/System/Library/Frameworks/SecurityFoundation.framework/Versions/A/SecurityFoundation
0x000000002c4ca000 	/System/Library/PrivateFrameworks/LanguageModeling.framework/Versions/A/LanguageModeling
0x000000002c4ca000 	/usr/lib/libmarisa.dylib
0x000000002c4ca000 	/usr/lib/libChineseTokenizer.dylib
0x000000002c4ca000 	/usr/lib/libcmph.dylib
0x000000002c4ca000 	/System/Library/PrivateFrameworks/CoreEmoji.framework/Versions/A/CoreEmoji
0x000000002c4ca000 	/System/Library/Frameworks/ServiceManagement.framework/Versions/A/ServiceManagement
0x000000002c4ca000 	/usr/lib/libxslt.1.dylib
0x000000002c4ca000 	/System/Library/Frameworks/Carbon.framework/Versions/A/Frameworks/Ink.framework/Versions/A/Ink
0x000000002c4ca000 	/System/Library/PrivateFrameworks/TextureIO.framework/Versions/A/TextureIO
0x000000002c4ca000 	/System/Library/Frameworks/Metal.framework/Versions/A/Metal
0x000000002c4ca000 	/usr/lib/libate.dylib
0x000000002c4ca000 	/System/Library/PrivateFrameworks/GPUCompiler.framework/libmetal_timestamp.dylib
0x000000002c4ca000 	/System/Library/Frameworks/OpenGL.framework/Versions/A/Libraries/libCoreFSCache.dylib
0x000000002c4ca000 	/System/Library/PrivateFrameworks/IOAccelerator.framework/Versions/A/IOAccelerator
0x000000002c4ca000 	/System/Library/Frameworks/CoreVideo.framework/Versions/A/CoreVideo
0x000000002c4ca000 	/usr/lib/libFosl_dynamic.dylib
0x000000002c4ca000 	/System/Library/PrivateFrameworks/MetalPerformanceShaders.framework/Versions/A/MetalPerformanceShaders
0x000000002c4ca000 	/System/Library/PrivateFrameworks/FaceCore.framework/Versions/A/FaceCore
0x000000002c4ca000 	/System/Library/Frameworks/OpenCL.framework/Versions/A/OpenCL
0x000000002c4ca000 	/System/Library/Frameworks/OpenGL.framework/Versions/A/Libraries/libGLU.dylib
0x000000002c4ca000 	/System/Library/Frameworks/OpenGL.framework/Versions/A/Libraries/libGFXShared.dylib
0x000000002c4ca000 	/System/Library/Frameworks/OpenGL.framework/Versions/A/Libraries/libGL.dylib
0x000000002c4ca000 	/System/Library/Frameworks/OpenGL.framework/Versions/A/Libraries/libGLImage.dylib
0x000000002c4ca000 	/System/Library/Frameworks/OpenGL.framework/Versions/A/Libraries/libCVMSPluginSupport.dylib
0x000000002c4ca000 	/System/Library/Frameworks/OpenGL.framework/Versions/A/Libraries/libCoreVMClient.dylib
0x000000002c4ca000 	/System/Library/PrivateFrameworks/CrashReporterSupport.framework/Versions/A/CrashReporterSupport
0x000000002c4ca000 	/System/Library/PrivateFrameworks/Sharing.framework/Versions/A/Sharing
0x000000002c4ca000 	/System/Library/PrivateFrameworks/IconServices.framework/Versions/A/IconServices
0x000000002c4ca000 	/System/Library/PrivateFrameworks/ProtocolBuffer.framework/Versions/A/ProtocolBuffer
0x000000002c4ca000 	/System/Library/PrivateFrameworks/Apple80211.framework/Versions/A/Apple80211
0x000000002c4ca000 	/System/Library/Frameworks/CoreWLAN.framework/Versions/A/CoreWLAN
0x000000002c4ca000 	/System/Library/PrivateFrameworks/CoreUtils.framework/Versions/A/CoreUtils
0x000000002c4ca000 	/System/Library/Frameworks/IOBluetooth.framework/Versions/A/IOBluetooth
0x000000002c4ca000 	/System/Library/PrivateFrameworks/CoreWiFi.framework/Versions/A/CoreWiFi
0x000000002c4ca000 	/System/Library/Frameworks/CoreBluetooth.framework/Versions/A/CoreBluetooth
0x000000002c4ca000 	/System/Library/Frameworks/CoreDisplay.framework/Versions/A/CoreDisplay
0x000000002c4ca000 	/System/Library/PrivateFrameworks/IOPresentment.framework/Versions/A/IOPresentment
0x000000002c4ca000 	/System/Library/PrivateFrameworks/DSExternalDisplay.framework/Versions/A/DSExternalDisplay
0x000000002c4ca000 	/System/Library/PrivateFrameworks/DebugSymbols.framework/Versions/A/DebugSymbols
0x000000002c4ca000 	/System/Library/PrivateFrameworks/CoreSymbolication.framework/Versions/A/CoreSymbolication
0x000000002c4ca000 	/System/Library/PrivateFrameworks/Symbolication.framework/Versions/A/Symbolication
0x000000002c4ca000 	/System/Library/PrivateFrameworks/AppleFSCompression.framework/Versions/A/AppleFSCompression
0x000000002c4ca000 	/System/Library/PrivateFrameworks/SpeechRecognitionCore.framework/Versions/A/SpeechRecognitionCore
0x000000002c4ca000 	/System/Library/PrivateFrameworks/ChunkingLibrary.framework/Versions/A/ChunkingLibrary
0x0000000108000000 	/Library/Java/JavaVirtualMachines/jdk1.8.0_91.jdk/Contents/Home/jre/lib/server/libjvm.dylib
0x000000002c4ca000 	/usr/lib/libstdc++.6.dylib
0x0000000106f49000 	/Library/Java/JavaVirtualMachines/jdk1.8.0_91.jdk/Contents/Home/jre/lib/libverify.dylib
0x0000000106f57000 	/Library/Java/JavaVirtualMachines/jdk1.8.0_91.jdk/Contents/Home/jre/lib/libjava.dylib
0x0000000106f96000 	/Library/Java/JavaVirtualMachines/jdk1.8.0_91.jdk/Contents/Home/jre/lib/libzip.dylib
0x00000001095be000 	/System/Library/Frameworks/JavaVM.framework/Frameworks/JavaRuntimeSupport.framework/JavaRuntimeSupport
0x000000012409f000 	/System/Library/Frameworks/JavaVM.framework/Versions/A/Frameworks/JavaNativeFoundation.framework/Versions/A/JavaNativeFoundation
0x0000000106ff0000 	/System/Library/Frameworks/JavaVM.framework/Versions/A/JavaVM
0x000000002c4ca000 	/System/Library/Frameworks/Carbon.framework/Versions/A/Carbon
0x00000001240b4000 	/System/Library/PrivateFrameworks/JavaLaunching.framework/Versions/A/JavaLaunching
0x000000002c4ca000 	/System/Library/Frameworks/Carbon.framework/Versions/A/Frameworks/CommonPanels.framework/Versions/A/CommonPanels
0x000000002c4ca000 	/System/Library/Frameworks/Carbon.framework/Versions/A/Frameworks/Help.framework/Versions/A/Help
0x000000002c4ca000 	/System/Library/Frameworks/Carbon.framework/Versions/A/Frameworks/ImageCapture.framework/Versions/A/ImageCapture
0x000000002c4ca000 	/System/Library/Frameworks/Carbon.framework/Versions/A/Frameworks/OpenScripting.framework/Versions/A/OpenScripting
0x000000002c4ca000 	/System/Library/Frameworks/Carbon.framework/Versions/A/Frameworks/Print.framework/Versions/A/Print
0x000000002c4ca000 	/System/Library/Frameworks/Carbon.framework/Versions/A/Frameworks/SecurityHI.framework/Versions/A/SecurityHI
0x00000001259c1000 	/Library/Java/JavaVirtualMachines/jdk1.8.0_91.jdk/Contents/Home/jre/lib/libmanagement.dylib
0x00000001259cf000 	/Library/Java/JavaVirtualMachines/jdk1.8.0_91.jdk/Contents/Home/jre/lib/libnet.dylib
0x0000000125a2e000 	/Library/Java/JavaVirtualMachines/jdk1.8.0_91.jdk/Contents/Home/jre/lib/libnio.dylib
0x000000012728b000 	/private/var/folders/43/qhgkn4454nn5mztzh64dssgh0000gn/T/sqlite-3.8.11.2-4d8be69a-0e43-4918-8587-add625c7677c-libsqlitejdbc.jnilib

VM Arguments:
jvm_args: -Dcom.sun.management.jmxremote -Dcom.sun.management.jmxremote.port=63472 -Dcom.sun.management.jmxremote.authenticate=false -Dcom.sun.management.jmxremote.ssl=false -Djava.rmi.server.hostname=localhost -Dspring.application.admin.enabled=true -Djava.security.egd=file:/dev/./urandom -Xverify:none -XX:TieredStopAtLevel=1 -Dfile.encoding=UTF-8 
java_command: net.contal.spring.SpringBootJpsApplication
java_class_path (initial): /Users/betwar/Desktop/workspace-oxygen/spring-boot-themleaf/bin:/Users/betwar/.gradle/caches/modules-2/files-2.1/org.springframework.boot/spring-boot-starter-web/1.5.6.RELEASE/6f47b0a9e7e39b46b9e66ebdd2bff1c7edee5930/spring-boot-starter-web-1.5.6.RELEASE.jar:/Users/betwar/.gradle/caches/modules-2/files-2.1/org.springframework.boot/spring-boot-starter-thymeleaf/1.5.6.RELEASE/efa51e8d562c6d3c95906f77787d232649f7c730/spring-boot-starter-thymeleaf-1.5.6.RELEASE.jar:/Users/betwar/.gradle/caches/modules-2/files-2.1/org.springframework.boot/spring-boot-devtools/1.5.6.RELEASE/491de9b0131a4210de1ec449aad8366e2540f86/spring-boot-devtools-1.5.6.RELEASE.jar:/Users/betwar/.gradle/caches/modules-2/files-2.1/org.apache.commons/commons-lang3/3.5/6c6c702c89bfff3cd9e80b04d668c5e190d588c6/commons-lang3-3.5.jar:/Users/betwar/.gradle/caches/modules-2/files-2.1/com.google.code.gson/gson/2.8.1/2a8e0aa38a2e21cb39e2f5a7d6704cbdc941da0/gson-2.8.1.jar:/Users/betwar/.gradle/caches/modules-2/files-2.1/org.springframework.boot/spring-boot-starter/1.5.6.RELEASE/58c72d105fdf41f605c15c243b72300fa78cccd1/spring-boot-starter-1.5.6.RELEASE.jar:/Users/betwar/.gradle/caches/modules-2/files-2.1/org.springframework.boot/spring-boot-starter-tomcat/1.5.6.RELEASE/1d0960e91dfdad2b6b82700ba1613c006355669/spring-boot-starter-tomcat-1.5.6.RELEASE.jar:/Users/betwar/.gradle/caches/modules-2/files-2.1/org.hibernate/hibernate-validator/5.3.5.Final/622a9bcef2eed6d41b5b8e0662c36212009e375/hibernate-validator-5.3.5.Final.jar:/Users/betwar/.gradle/caches/modules-2/files-2.1/com.fasterxml.jackson.core/jackson-databind/2.8.9/4dfca3975be3c1a98eacb829e70f02e9a71bc159/jackson-databind-2.8.9.jar:/Users/betwar/.gradle/caches/modules-2/files-2.1/org.springframework/spring-web/4.3.10.RELEASE/6344501cb03cb4787c67cf3f820a471e07b9203b/spring-web-4.3.10.RELEASE.jar:/Users/betwar/.gradle/caches/modules-2/files-2.1/org.springframework/spring-webmvc/4.3.10.RELEASE/6809017a5a76bdaf1957f1cc0a892d448fc6f3df/sp
Launcher Type: SUN_STANDARD

Environment Variables:
PATH=/usr/bin:/bin:/usr/sbin:/sbin
SHELL=/bin/bash

Signal Handlers:
SIGSEGV: [libjvm.dylib+0x5a97a1], sa_mask[0]=11111111011111110111111111111111, sa_flags=SA_ONSTACK|SA_RESTART|SA_SIGINFO
SIGBUS: [libjvm.dylib+0x5a97a1], sa_mask[0]=11111111011111110111111111111111, sa_flags=SA_RESTART|SA_SIGINFO
SIGFPE: [libjvm.dylib+0x482594], sa_mask[0]=11111111011111110111111111111111, sa_flags=SA_RESTART|SA_SIGINFO
SIGPIPE: [libjvm.dylib+0x482594], sa_mask[0]=11111111011111110111111111111111, sa_flags=SA_RESTART|SA_SIGINFO
SIGXFSZ: [libjvm.dylib+0x482594], sa_mask[0]=11111111011111110111111111111111, sa_flags=SA_RESTART|SA_SIGINFO
SIGILL: [libjvm.dylib+0x482594], sa_mask[0]=11111111011111110111111111111111, sa_flags=SA_RESTART|SA_SIGINFO
SIGUSR1: SIG_DFL, sa_mask[0]=00000000000000000000000000000000, sa_flags=none
SIGUSR2: [libjvm.dylib+0x4820b2], sa_mask[0]=00100000000000000000000000000000, sa_flags=SA_RESTART|SA_SIGINFO
SIGHUP: [libjvm.dylib+0x480689], sa_mask[0]=11111111011111110111111111111111, sa_flags=SA_RESTART|SA_SIGINFO
SIGINT: [libjvm.dylib+0x480689], sa_mask[0]=11111111011111110111111111111111, sa_flags=SA_RESTART|SA_SIGINFO
SIGTERM: [libjvm.dylib+0x480689], sa_mask[0]=11111111011111110111111111111111, sa_flags=SA_RESTART|SA_SIGINFO
SIGQUIT: [libjvm.dylib+0x480689], sa_mask[0]=11111111011111110111111111111111, sa_flags=SA_RESTART|SA_SIGINFO


---------------  S Y S T E M  ---------------

OS:Bsduname:Darwin 16.7.0 Darwin Kernel Version 16.7.0: Thu Jun 15 17:36:27 PDT 2017; root:xnu-3789.70.16~2/RELEASE_X86_64 x86_64
rlimit: STACK 8192k, CORE 0k, NPROC 709, NOFILE 10240, AS infinity
load average:1.83 1.83 1.98

CPU:total 8 (4 cores per cpu, 2 threads per core) family 6 model 58 stepping 9, cmov, cx8, fxsr, mmx, sse, sse2, sse3, ssse3, sse4.1, sse4.2, popcnt, avx, aes, clmul, erms, ht, tsc, tscinvbit, tscinv

Memory: 4k page, physical 16777216k(67592k free)

/proc/meminfo:


vm_info: Java HotSpot(TM) 64-Bit Server VM (25.91-b14) for bsd-amd64 JRE (1.8.0_91-b14), built on Apr  1 2016 01:03:00 by "java_re" with gcc 4.2.1 (Based on Apple Inc. build 5658) (LLVM build 2336.11.00)

time: Tue Sep 12 12:47:06 2017
elapsed time: 204 seconds (0d 0h 3m 24s)

