#
# A fatal error has been detected by the Java Runtime Environment:
#
#  SIGSEGV (0xb) at pc=0x000000012b4edeed, pid=6459, tid=27915
#
# JRE version: Java(TM) SE Runtime Environment (8.0_91-b14) (build 1.8.0_91-b14)
# Java VM: Java HotSpot(TM) 64-Bit Server VM (25.91-b14 mixed mode bsd-amd64 compressed oops)
# Problematic frame:
# C  [sqlite-3.8.11.2-46522e6a-011c-49fb-9fe9-0482953d5a4e-libsqlitejdbc.jnilib+0xdeed]  sqlite3_reset+0x3d
#
# Failed to write core dump. Core dumps have been disabled. To enable core dumping, try "ulimit -c unlimited" before starting Java again
#
# If you would like to submit a bug report, please visit:
#   http://bugreport.java.com/bugreport/crash.jsp
# The crash happened outside the Java Virtual Machine in native code.
# See problematic frame for where to report the bug.
#

---------------  T H R E A D  ---------------

Current thread (0x00007faa83008800):  JavaThread "Secondary finalizer" [_thread_in_native, id=27915, stack(0x000070000390b000,0x0000700003a0b000)]

siginfo: si_signo: 11 (SIGSEGV), si_code: 0 (unknown), si_addr: 0x0000000000000000

Registers:
RAX=0x300007faa8172179, RBX=0x000000012b36b638, RCX=0x000000010ca18340, RDX=0x00007faa81720f50
RSP=0x0000700003a0a570, RBP=0x0000700003a0a590, RSI=0x0000700003a0a670, RDI=0x00007faa81720f50
R8 =0x00007faa8158a940, R9 =0x0000000000629e68, R10=0x00000001167a3443, R11=0x000000010c6de357
R12=0x0000000000000000, R13=0x000000012b36b638, R14=0x0000700003a0a670, R15=0x00007faa83008800
RIP=0x000000012b4edeed, EFLAGS=0x0000000000010206, ERR=0x0000000000000000
  TRAPNO=0x000000000000000d

Top of Stack: (sp=0x0000700003a0a570)
0x0000700003a0a570:   300007faa8172179 00007faa81720f50
0x0000700003a0a580:   00007faa81720f50 00007faa81720f50
0x0000700003a0a590:   0000700003a0a5c0 000000012b4e2445
0x0000700003a0a5a0:   00007faa83008800 00007faa81720f50
0x0000700003a0a5b0:   0000700003a0a670 00007faa830089f8
0x0000700003a0a5c0:   0000700003a0a640 00000001167a346f
0x0000700003a0a5d0:   0000700003a0a640 00000001167a3225
0x0000700003a0a5e0:   00000001167905d0 00000001167a31f1
0x0000700003a0a5f0:   0000000000000003 00000006c1502620
0x0000700003a0a600:   0000700003a0a5f0 000000012b36b638
0x0000700003a0a610:   0000700003a0a670 000000012b381dd8
0x0000700003a0a620:   0000000000000000 000000012b36b638
0x0000700003a0a630:   0000000000000000 0000700003a0a660
0x0000700003a0a640:   0000700003a0a6b8 0000000116792d00
0x0000700003a0a650:   0000000000000000 000000011679c536
0x0000700003a0a660:   00007faa81720f50 00007faa81720f50
0x0000700003a0a670:   00000006c1502620 0000700003a0a678
0x0000700003a0a680:   000000012b3ab1d9 0000700003a0a6c8
0x0000700003a0a690:   000000012b3ab470 0000000000000000
0x0000700003a0a6a0:   000000012b3ab220 0000700003a0a660
0x0000700003a0a6b0:   0000700003a0a6c8 0000700003a0a710
0x0000700003a0a6c0:   00000001167932bd 00000006c14ebc60
0x0000700003a0a6d0:   0000700003a0a6d0 000000012b38c412
0x0000700003a0a6e0:   0000700003a0a728 000000012b38c5c0
0x0000700003a0a6f0:   0000000000000000 000000012b38c468
0x0000700003a0a700:   0000700003a0a6c8 0000700003a0a728
0x0000700003a0a710:   0000700003a0a770 00000001167932bd
0x0000700003a0a720:   0000000000000000 00000006c14ebc98
0x0000700003a0a730:   0000700003a0a730 000000012b389a39
0x0000700003a0a740:   0000700003a0a780 000000012b38c8a8
0x0000700003a0a750:   0000000000000000 000000012b389a58
0x0000700003a0a760:   0000700003a0a728 0000700003a0a780 

Instructions: (pc=0x000000012b4edeed)
0x000000012b4edecd:   00 00 00 00 e9 73 00 00 00 48 8b 45 f8 48 89 45
0x000000012b4ededd:   e8 48 8b 45 e8 48 8b 00 48 89 45 e0 48 8b 45 e0
0x000000012b4edeed:   48 8b 78 18 e8 0a 67 ff ff 48 8b 45 e8 48 81 b8
0x000000012b4edefd:   b8 00 00 00 00 00 00 00 0f 8e 0d 00 00 00 48 8b 

Register to memory mapping:

RAX=0x300007faa8172179 is an unknown value
RBX={method} {0x000000012b36b638} 'reset' '(J)I' in 'org/sqlite/core/NativeDB'
RCX=0x000000010ca18340: UseMembar+0 in /Library/Java/JavaVirtualMachines/jdk1.8.0_91.jdk/Contents/Home/jre/lib/server/libjvm.dylib at 0x000000010c200000
RDX=0x00007faa81720f50 is an unknown value
RSP=0x0000700003a0a570 is pointing into the stack for thread: 0x00007faa83008800
RBP=0x0000700003a0a590 is pointing into the stack for thread: 0x00007faa83008800
RSI=0x0000700003a0a670 is pointing into the stack for thread: 0x00007faa83008800
RDI=0x00007faa81720f50 is an unknown value
R8 =0x00007faa8158a940 is an unknown value
R9 =0x0000000000629e68 is an unknown value
R10=0x00000001167a3443 is at code_begin+1187 in an Interpreter codelet
method entry point (kind = native_synchronized)  [0x00000001167a2fa0, 0x00000001167a3a20]  2688 bytes
R11=0x000000010c6de357: throw_unsatisfied_link_error+0 in /Library/Java/JavaVirtualMachines/jdk1.8.0_91.jdk/Contents/Home/jre/lib/server/libjvm.dylib at 0x000000010c200000
R12=0x0000000000000000 is an unknown value
R13={method} {0x000000012b36b638} 'reset' '(J)I' in 'org/sqlite/core/NativeDB'
R14=0x0000700003a0a670 is pointing into the stack for thread: 0x00007faa83008800
R15=0x00007faa83008800 is a thread


Stack: [0x000070000390b000,0x0000700003a0b000],  sp=0x0000700003a0a570,  free space=1021k
Native frames: (J=compiled Java code, j=interpreted, Vv=VM code, C=native code)
C  [sqlite-3.8.11.2-46522e6a-011c-49fb-9fe9-0482953d5a4e-libsqlitejdbc.jnilib+0xdeed]  sqlite3_reset+0x3d
C  [sqlite-3.8.11.2-46522e6a-011c-49fb-9fe9-0482953d5a4e-libsqlitejdbc.jnilib+0x2445]  Java_org_sqlite_core_NativeDB_reset+0x25
j  org.sqlite.core.NativeDB.reset(J)I+0
j  org.sqlite.core.CoreResultSet.close()V+81
j  org.sqlite.core.CoreStatement.internalClose()V+34
j  org.sqlite.jdbc3.JDBC3Statement.close()V+33
j  org.sqlite.jdbc3.JDBC3Statement.finalize()V+1
J 1192 C1 java.lang.ref.Finalizer.runFinalizer(Lsun/misc/JavaLangAccess;)V (62 bytes) @ 0x0000000116a74564 [0x0000000116a74360+0x204]
J 1191 C1 java.lang.ref.Finalizer.access$100(Ljava/lang/ref/Finalizer;Lsun/misc/JavaLangAccess;)V (6 bytes) @ 0x0000000116a74054 [0x0000000116a74040+0x14]
j  java.lang.ref.Finalizer$2.run()V+36
j  java.lang.Thread.run()V+11
v  ~StubRoutines::call_stub
V  [libjvm.dylib+0x2ec1e6]  JavaCalls::call_helper(JavaValue*, methodHandle*, JavaCallArguments*, Thread*)+0x6ae
V  [libjvm.dylib+0x2ec974]  JavaCalls::call_virtual(JavaValue*, KlassHandle, Symbol*, Symbol*, JavaCallArguments*, Thread*)+0x164
V  [libjvm.dylib+0x2ecb20]  JavaCalls::call_virtual(JavaValue*, Handle, KlassHandle, Symbol*, Symbol*, Thread*)+0x4a
V  [libjvm.dylib+0x34726d]  thread_entry(JavaThread*, Thread*)+0x7c
V  [libjvm.dylib+0x563d17]  JavaThread::thread_main_inner()+0x9b
V  [libjvm.dylib+0x565412]  JavaThread::run()+0x1c2
V  [libjvm.dylib+0x484f82]  java_start(Thread*)+0xf6
C  [libsystem_pthread.dylib+0x393b]  _pthread_body+0xb4
C  [libsystem_pthread.dylib+0x3887]  _pthread_body+0x0
C  [libsystem_pthread.dylib+0x308d]  thread_start+0xd
C  0x0000000000000000

Java frames: (J=compiled Java code, j=interpreted, Vv=VM code)
j  org.sqlite.core.NativeDB.reset(J)I+0
j  org.sqlite.core.CoreResultSet.close()V+81
j  org.sqlite.core.CoreStatement.internalClose()V+34
j  org.sqlite.jdbc3.JDBC3Statement.close()V+33
j  org.sqlite.jdbc3.JDBC3Statement.finalize()V+1
J 1192 C1 java.lang.ref.Finalizer.runFinalizer(Lsun/misc/JavaLangAccess;)V (62 bytes) @ 0x0000000116a74564 [0x0000000116a74360+0x204]
J 1191 C1 java.lang.ref.Finalizer.access$100(Ljava/lang/ref/Finalizer;Lsun/misc/JavaLangAccess;)V (6 bytes) @ 0x0000000116a74054 [0x0000000116a74040+0x14]
j  java.lang.ref.Finalizer$2.run()V+36
j  java.lang.Thread.run()V+11
v  ~StubRoutines::call_stub

---------------  P R O C E S S  ---------------

Java Threads: ( => current thread )
=>0x00007faa83008800 JavaThread "Secondary finalizer" [_thread_in_native, id=27915, stack(0x000070000390b000,0x0000700003a0b000)]
  0x00007faa80d72000 JavaThread "Thread-15" [_thread_blocked, id=25875, stack(0x0000700003808000,0x0000700003908000)]
  0x00007faa8484d800 JavaThread "http-nio-8080-AsyncTimeout" daemon [_thread_blocked, id=39687, stack(0x0000700005256000,0x0000700005356000)]
  0x00007faa8183d800 JavaThread "RMI TCP Connection(idle)" daemon [_thread_blocked, id=38659, stack(0x0000700005153000,0x0000700005253000)]
  0x00007faa82e8f000 JavaThread "RMI TCP Connection(idle)" daemon [_thread_blocked, id=37635, stack(0x0000700004f4d000,0x000070000504d000)]
  0x00007faa84004800 JavaThread "RMI TCP Connection(idle)" daemon [_thread_blocked, id=37123, stack(0x0000700004e4a000,0x0000700004f4a000)]
  0x00007faa83007800 JavaThread "RMI TCP Connection(idle)" daemon [_thread_blocked, id=36611, stack(0x0000700004d47000,0x0000700004e47000)]
  0x00007faa83004800 JavaThread "RMI TCP Connection(idle)" daemon [_thread_blocked, id=24327, stack(0x00007000032f9000,0x00007000033f9000)]
  0x00007faa82e8d800 JavaThread "RMI TCP Connection(idle)" daemon [_thread_blocked, id=23815, stack(0x00007000031f6000,0x00007000032f6000)]
  0x00007faa82e8c800 JavaThread "DestroyJavaVM" [_thread_blocked, id=7171, stack(0x0000700001bb4000,0x0000700001cb4000)]
  0x00007faa82e6d000 JavaThread "Live Reload Server" daemon [_thread_in_native, id=28423, stack(0x0000700003d17000,0x0000700003e17000)]
  0x00007faa82baf000 JavaThread "JMX server connection timeout 20" daemon [_thread_blocked, id=25347, stack(0x0000700003705000,0x0000700003805000)]
  0x00007faa808b8000 JavaThread "RMI TCP Connection(idle)" daemon [_thread_blocked, id=24835, stack(0x0000700003602000,0x0000700003702000)]
  0x00007faa82ba8800 JavaThread "RMI Scheduler(0)" daemon [_thread_blocked, id=3847, stack(0x00007000034ff000,0x00007000035ff000)]
  0x00007faa82ba6000 JavaThread "RMI TCP Connection(idle)" daemon [_thread_blocked, id=4871, stack(0x00007000033fc000,0x00007000034fc000)]
  0x00007faa82b05800 JavaThread "RMI TCP Accept-0" daemon [_thread_in_native, id=22787, stack(0x0000700002ff0000,0x00007000030f0000)]
  0x00007faa82020000 JavaThread "RMI TCP Accept-56170" daemon [_thread_in_native, id=22275, stack(0x0000700002eed000,0x0000700002fed000)]
  0x00007faa808a5800 JavaThread "RMI TCP Accept-0" daemon [_thread_in_native, id=21763, stack(0x0000700002dea000,0x0000700002eea000)]
  0x00007faa80063800 JavaThread "Service Thread" daemon [_thread_blocked, id=21251, stack(0x0000700002ce7000,0x0000700002de7000)]
  0x00007faa80050000 JavaThread "C1 CompilerThread3" daemon [_thread_blocked, id=20739, stack(0x0000700002be4000,0x0000700002ce4000)]
  0x00007faa82824000 JavaThread "C2 CompilerThread2" daemon [_thread_blocked, id=20227, stack(0x0000700002ae1000,0x0000700002be1000)]
  0x00007faa8004f800 JavaThread "C2 CompilerThread1" daemon [_thread_blocked, id=19715, stack(0x00007000029de000,0x0000700002ade000)]
  0x00007faa8083d000 JavaThread "C2 CompilerThread0" daemon [_thread_blocked, id=19203, stack(0x00007000028db000,0x00007000029db000)]
  0x00007faa80809800 JavaThread "Signal Dispatcher" daemon [_thread_blocked, id=18691, stack(0x00007000027d8000,0x00007000028d8000)]
  0x00007faa82807000 JavaThread "Finalizer" daemon [_thread_blocked, id=14595, stack(0x00007000026d5000,0x00007000027d5000)]
  0x00007faa82804000 JavaThread "Reference Handler" daemon [_thread_blocked, id=14083, stack(0x00007000025d2000,0x00007000026d2000)]

Other Threads:
  0x00007faa80038800 VMThread [stack: 0x00007000024cf000,0x00007000025cf000] [id=13571]
  0x00007faa82b08000 WatcherThread [stack: 0x00007000030f3000,0x00007000031f3000] [id=23299]

VM state:not at safepoint (normal execution)

VM Mutex/Monitor currently owned by a thread: None

Heap:
 PSYoungGen      total 264192K, used 3372K [0x000000076ab00000, 0x0000000787380000, 0x00000007c0000000)
  eden space 247296K, 1% used [0x000000076ab00000,0x000000076ae4b300,0x0000000779c80000)
  from space 16896K, 0% used [0x0000000779c80000,0x0000000779c80000,0x000000077ad00000)
  to   space 16896K, 0% used [0x0000000786300000,0x0000000786300000,0x0000000787380000)
 ParOldGen       total 83968K, used 23836K [0x00000006c0000000, 0x00000006c5200000, 0x000000076ab00000)
  object space 83968K, 28% used [0x00000006c0000000,0x00000006c1747130,0x00000006c5200000)
 Metaspace       used 34778K, capacity 35352K, committed 35584K, reserved 1081344K
  class space    used 4358K, capacity 4541K, committed 4608K, reserved 1048576K

Card table byte_map: [0x000000010d554000,0x000000010dd55000] byte_map_base: 0x0000000109f54000

Marking Bits: (ParMarkBitMap*) 0x000000010cae6eb0
 Begin Bits: [0x000000010e2ab000, 0x00000001122ab000)
 End Bits:   [0x00000001122ab000, 0x00000001162ab000)

Polling page: 0x000000010b1e1000

CodeCache: size=245760Kb used=9681Kb max_used=9703Kb free=236078Kb
 bounds [0x000000011678b000, 0x000000011710b000, 0x000000012578b000]
 total_blobs=4836 nmethods=4155 adapters=593
 compilation: enabled

Compilation events (10 events):
Event: 61.838 Thread 0x00007faa80050000 4220       1       org.apache.tomcat.util.collections.ManagedConcurrentWeakHashMap$Key::hashCode (5 bytes)
Event: 61.838 Thread 0x00007faa80050000 nmethod 4220 0x0000000116915550 code [0x00000001169156a0, 0x00000001169157b0]
Event: 61.840 Thread 0x00007faa80050000 4221       1       java.lang.Class::getDeclaredField (34 bytes)
Event: 61.840 Thread 0x00007faa80050000 nmethod 4221 0x00000001168d2ad0 code [0x00000001168d2c60, 0x00000001168d2e88]
Event: 61.840 Thread 0x00007faa80050000 4224       1       java.lang.Class::searchFields (41 bytes)
Event: 61.841 Thread 0x00007faa80050000 nmethod 4224 0x00000001168d2350 code [0x00000001168d2500, 0x00000001168d2828]
Event: 61.841 Thread 0x00007faa80050000 4223   !   1       org.apache.catalina.loader.WebappClassLoaderBase::loadedByThisOrChild (145 bytes)
Event: 61.964 Thread 0x00007faa80050000 nmethod 4223 0x0000000117105950 code [0x0000000117105bc0, 0x0000000117106678]
Event: 61.965 Thread 0x00007faa80050000 4222       1       sun.reflect.UnsafeObjectFieldAccessorImpl::get (17 bytes)
Event: 61.965 Thread 0x00007faa80050000 nmethod 4222 0x0000000116941190 code [0x0000000116941320, 0x0000000116941618]

GC Heap History (10 events):
Event: 21.702 GC heap before
{Heap before GC invocations=8 (full 1):
 PSYoungGen      total 247808K, used 84648K [0x000000076ab00000, 0x000000077be00000, 0x00000007c0000000)
  eden space 231936K, 30% used [0x000000076ab00000,0x000000076efc6bb8,0x0000000778d80000)
  from space 15872K, 89% used [0x0000000779e00000,0x000000077abe3550,0x000000077ad80000)
  to   space 16896K, 0% used [0x0000000778d80000,0x0000000778d80000,0x0000000779e00000)
 ParOldGen       total 83968K, used 15019K [0x00000006c0000000, 0x00000006c5200000, 0x000000076ab00000)
  object space 83968K, 17% used [0x00000006c0000000,0x00000006c0eaafe8,0x00000006c5200000)
 Metaspace       used 31453K, capacity 31942K, committed 32256K, reserved 1077248K
  class space    used 3932K, capacity 4090K, committed 4096K, reserved 1048576K
Event: 21.710 GC heap after
Heap after GC invocations=8 (full 1):
 PSYoungGen      total 248832K, used 11493K [0x000000076ab00000, 0x000000077bd00000, 0x00000007c0000000)
  eden space 231936K, 0% used [0x000000076ab00000,0x000000076ab00000,0x0000000778d80000)
  from space 16896K, 68% used [0x0000000778d80000,0x00000007798b9480,0x0000000779e00000)
  to   space 16384K, 0% used [0x000000077ad00000,0x000000077ad00000,0x000000077bd00000)
 ParOldGen       total 83968K, used 15027K [0x00000006c0000000, 0x00000006c5200000, 0x000000076ab00000)
  object space 83968K, 17% used [0x00000006c0000000,0x00000006c0eacfe8,0x00000006c5200000)
 Metaspace       used 31453K, capacity 31942K, committed 32256K, reserved 1077248K
  class space    used 3932K, capacity 4090K, committed 4096K, reserved 1048576K
}
Event: 21.710 GC heap before
{Heap before GC invocations=9 (full 2):
 PSYoungGen      total 248832K, used 11493K [0x000000076ab00000, 0x000000077bd00000, 0x00000007c0000000)
  eden space 231936K, 0% used [0x000000076ab00000,0x000000076ab00000,0x0000000778d80000)
  from space 16896K, 68% used [0x0000000778d80000,0x00000007798b9480,0x0000000779e00000)
  to   space 16384K, 0% used [0x000000077ad00000,0x000000077ad00000,0x000000077bd00000)
 ParOldGen       total 83968K, used 15027K [0x00000006c0000000, 0x00000006c5200000, 0x000000076ab00000)
  object space 83968K, 17% used [0x00000006c0000000,0x00000006c0eacfe8,0x00000006c5200000)
 Metaspace       used 31453K, capacity 31942K, committed 32256K, reserved 1077248K
  class space    used 3932K, capacity 4090K, committed 4096K, reserved 1048576K
Event: 21.794 GC heap after
Heap after GC invocations=9 (full 2):
 PSYoungGen      total 248832K, used 0K [0x000000076ab00000, 0x000000077bd00000, 0x00000007c0000000)
  eden space 231936K, 0% used [0x000000076ab00000,0x000000076ab00000,0x0000000778d80000)
  from space 16896K, 0% used [0x0000000778d80000,0x0000000778d80000,0x0000000779e00000)
  to   space 16384K, 0% used [0x000000077ad00000,0x000000077ad00000,0x000000077bd00000)
 ParOldGen       total 83968K, used 20146K [0x00000006c0000000, 0x00000006c5200000, 0x000000076ab00000)
  object space 83968K, 23% used [0x00000006c0000000,0x00000006c13ac890,0x00000006c5200000)
 Metaspace       used 31453K, capacity 31942K, committed 32256K, reserved 1077248K
  class space    used 3932K, capacity 4090K, committed 4096K, reserved 1048576K
}
Event: 32.468 GC heap before
{Heap before GC invocations=10 (full 2):
 PSYoungGen      total 248832K, used 231936K [0x000000076ab00000, 0x000000077bd00000, 0x00000007c0000000)
  eden space 231936K, 100% used [0x000000076ab00000,0x0000000778d80000,0x0000000778d80000)
  from space 16896K, 0% used [0x0000000778d80000,0x0000000778d80000,0x0000000779e00000)
  to   space 16384K, 0% used [0x000000077ad00000,0x000000077ad00000,0x000000077bd00000)
 ParOldGen       total 83968K, used 20146K [0x00000006c0000000, 0x00000006c5200000, 0x000000076ab00000)
  object space 83968K, 23% used [0x00000006c0000000,0x00000006c13ac890,0x00000006c5200000)
 Metaspace       used 31656K, capacity 32334K, committed 32640K, reserved 1077248K
  class space    used 3957K, capacity 4154K, committed 4224K, reserved 1048576K
Event: 32.473 GC heap after
Heap after GC invocations=10 (full 2):
 PSYoungGen      total 263680K, used 6195K [0x000000076ab00000, 0x0000000787380000, 0x00000007c0000000)
  eden space 247296K, 0% used [0x000000076ab00000,0x000000076ab00000,0x0000000779c80000)
  from space 16384K, 37% used [0x000000077ad00000,0x000000077b30cfa8,0x000000077bd00000)
  to   space 16896K, 0% used [0x0000000779c80000,0x0000000779c80000,0x000000077ad00000)
 ParOldGen       total 83968K, used 20154K [0x00000006c0000000, 0x00000006c5200000, 0x000000076ab00000)
  object space 83968K, 24% used [0x00000006c0000000,0x00000006c13ae890,0x00000006c5200000)
 Metaspace       used 31656K, capacity 32334K, committed 32640K, reserved 1077248K
  class space    used 3957K, capacity 4154K, committed 4224K, reserved 1048576K
}
Event: 61.843 GC heap before
{Heap before GC invocations=11 (full 2):
 PSYoungGen      total 263680K, used 76750K [0x000000076ab00000, 0x0000000787380000, 0x00000007c0000000)
  eden space 247296K, 28% used [0x000000076ab00000,0x000000076efe6a10,0x0000000779c80000)
  from space 16384K, 37% used [0x000000077ad00000,0x000000077b30cfa8,0x000000077bd00000)
  to   space 16896K, 0% used [0x0000000779c80000,0x0000000779c80000,0x000000077ad00000)
 ParOldGen       total 83968K, used 20154K [0x00000006c0000000, 0x00000006c5200000, 0x000000076ab00000)
  object space 83968K, 24% used [0x00000006c0000000,0x00000006c13ae890,0x00000006c5200000)
 Metaspace       used 34781K, capacity 35358K, committed 35584K, reserved 1081344K
  class space    used 4359K, capacity 4543K, committed 4608K, reserved 1048576K
Event: 61.847 GC heap after
Heap after GC invocations=11 (full 2):
 PSYoungGen      total 264192K, used 5730K [0x000000076ab00000, 0x0000000787380000, 0x00000007c0000000)
  eden space 247296K, 0% used [0x000000076ab00000,0x000000076ab00000,0x0000000779c80000)
  from space 16896K, 33% used [0x0000000779c80000,0x000000077a218ab0,0x000000077ad00000)
  to   space 16896K, 0% used [0x0000000786300000,0x0000000786300000,0x0000000787380000)
 ParOldGen       total 83968K, used 20162K [0x00000006c0000000, 0x00000006c5200000, 0x000000076ab00000)
  object space 83968K, 24% used [0x00000006c0000000,0x00000006c13b0890,0x00000006c5200000)
 Metaspace       used 34781K, capacity 35358K, committed 35584K, reserved 1081344K
  class space    used 4359K, capacity 4543K, committed 4608K, reserved 1048576K
}
Event: 61.847 GC heap before
{Heap before GC invocations=12 (full 3):
 PSYoungGen      total 264192K, used 5730K [0x000000076ab00000, 0x0000000787380000, 0x00000007c0000000)
  eden space 247296K, 0% used [0x000000076ab00000,0x000000076ab00000,0x0000000779c80000)
  from space 16896K, 33% used [0x0000000779c80000,0x000000077a218ab0,0x000000077ad00000)
  to   space 16896K, 0% used [0x0000000786300000,0x0000000786300000,0x0000000787380000)
 ParOldGen       total 83968K, used 20162K [0x00000006c0000000, 0x00000006c5200000, 0x000000076ab00000)
  object space 83968K, 24% used [0x00000006c0000000,0x00000006c13b0890,0x00000006c5200000)
 Metaspace       used 34781K, capacity 35358K, committed 35584K, reserved 1081344K
  class space    used 4359K, capacity 4543K, committed 4608K, reserved 1048576K
Event: 61.964 GC heap after
Heap after GC invocations=12 (full 3):
 PSYoungGen      total 264192K, used 0K [0x000000076ab00000, 0x0000000787380000, 0x00000007c0000000)
  eden space 247296K, 0% used [0x000000076ab00000,0x000000076ab00000,0x0000000779c80000)
  from space 16896K, 0% used [0x0000000779c80000,0x0000000779c80000,0x000000077ad00000)
  to   space 16896K, 0% used [0x0000000786300000,0x0000000786300000,0x0000000787380000)
 ParOldGen       total 83968K, used 23836K [0x00000006c0000000, 0x00000006c5200000, 0x000000076ab00000)
  object space 83968K, 28% used [0x00000006c0000000,0x00000006c1747130,0x00000006c5200000)
 Metaspace       used 34778K, capacity 35352K, committed 35584K, reserved 1081344K
  class space    used 4358K, capacity 4541K, committed 4608K, reserved 1048576K
}

Deoptimization events (0 events):
No events

Internal exceptions (10 events):
Event: 34.547 Thread 0x00007faa82e94000 Exception <a 'java/lang/ClassNotFoundException': org/springframework/beans/factory/BeanNameAwareCustomizer> (0x000000076ba7b0b8) thrown at [/Users/java_re/workspace/8-2-build-macosx-x86_64/jdk8u91/6644/hotspot/src/share/vm/classfile/systemDictionary.cpp, 
Event: 34.547 Thread 0x00007faa82e94000 Exception <a 'java/lang/ClassNotFoundException': org/springframework/web/context/ServletContextAwareCustomizer> (0x000000076ba92f30) thrown at [/Users/java_re/workspace/8-2-build-macosx-x86_64/jdk8u91/6644/hotspot/src/share/vm/classfile/systemDictionary.c
Event: 34.547 Thread 0x00007faa82e94000 Exception <a 'java/lang/ClassNotFoundException': org/springframework/context/ApplicationContextAwareCustomizer> (0x000000076baaae08) thrown at [/Users/java_re/workspace/8-2-build-macosx-x86_64/jdk8u91/6644/hotspot/src/share/vm/classfile/systemDictionary.c
Event: 34.700 Thread 0x00007faa80c94800 Exception <a 'java/lang/ClassNotFoundException': java/lang/ObjectCustomizer> (0x000000076cb46f08) thrown at [/Users/java_re/workspace/8-2-build-macosx-x86_64/jdk8u91/6644/hotspot/src/share/vm/classfile/systemDictionary.cpp, line 210]
Event: 34.700 Thread 0x00007faa82e94000 Exception <a 'java/lang/ClassNotFoundException': java/lang/ObjectCustomizer> (0x000000076cad93f0) thrown at [/Users/java_re/workspace/8-2-build-macosx-x86_64/jdk8u91/6644/hotspot/src/share/vm/classfile/systemDictionary.cpp, line 210]
Event: 34.701 Thread 0x00007faa80c94800 Exception <a 'java/lang/ClassNotFoundException': net/contal/spring/model/DatesDtoCustomizer> (0x000000076cb5f550) thrown at [/Users/java_re/workspace/8-2-build-macosx-x86_64/jdk8u91/6644/hotspot/src/share/vm/classfile/systemDictionary.cpp, line 210]
Event: 34.701 Thread 0x00007faa82e94000 Exception <a 'java/lang/ClassNotFoundException': net/contal/spring/model/DatesDtoCustomizer> (0x000000076cb76ac8) thrown at [/Users/java_re/workspace/8-2-build-macosx-x86_64/jdk8u91/6644/hotspot/src/share/vm/classfile/systemDictionary.cpp, line 210]
Event: 34.710 Thread 0x00007faa82e94000 Exception <a 'java/io/IOException'> (0x000000076cbb1f68) thrown at [/Users/java_re/workspace/8-2-build-macosx-x86_64/jdk8u91/6644/hotspot/src/share/vm/prims/jni.cpp, line 709]
Event: 61.837 Thread 0x00007faa80c85000 Exception <a 'java/lang/InterruptedException': sleep interrupted> (0x000000076edd0948) thrown at [/Users/java_re/workspace/8-2-build-macosx-x86_64/jdk8u91/6644/hotspot/src/share/vm/prims/jvm.cpp, line 3215]
Event: 61.842 Thread 0x00007faa80932000 Exception <a 'java/lang/InterruptedException': sleep interrupted> (0x000000076ef6aff0) thrown at [/Users/java_re/workspace/8-2-build-macosx-x86_64/jdk8u91/6644/hotspot/src/share/vm/prims/jvm.cpp, line 3215]

Events (10 events):
Event: 61.964 Executing VM operation: RevokeBias
Event: 61.964 Executing VM operation: RevokeBias done
Event: 61.964 Thread 0x00007faa8484d000 Thread exited: 0x00007faa8484d000
Event: 61.964 Thread 0x00007faa83008800 Thread added: 0x00007faa83008800
Event: 61.965 Executing VM operation: RevokeBias
Event: 61.965 Executing VM operation: RevokeBias done
Event: 61.965 Executing VM operation: RevokeBias
Event: 61.965 Executing VM operation: RevokeBias done
Event: 61.965 Executing VM operation: RevokeBias
Event: 61.965 Executing VM operation: RevokeBias done


Dynamic libraries:
0x000000002c4ca000 	/System/Library/Frameworks/Cocoa.framework/Versions/A/Cocoa
0x000000002c4ca000 	/System/Library/Frameworks/Security.framework/Versions/A/Security
0x000000002c4ca000 	/System/Library/Frameworks/ApplicationServices.framework/Versions/A/ApplicationServices
0x000000002c4ca000 	/usr/lib/libz.1.dylib
0x000000002c4ca000 	/usr/lib/libSystem.B.dylib
0x000000002c4ca000 	/usr/lib/libobjc.A.dylib
0x000000002c4ca000 	/System/Library/Frameworks/CoreFoundation.framework/Versions/A/CoreFoundation
0x000000002c4ca000 	/System/Library/Frameworks/Foundation.framework/Versions/C/Foundation
0x000000002c4ca000 	/System/Library/Frameworks/AppKit.framework/Versions/C/AppKit
0x000000002c4ca000 	/System/Library/Frameworks/CoreData.framework/Versions/A/CoreData
0x000000002c4ca000 	/System/Library/PrivateFrameworks/RemoteViewServices.framework/Versions/A/RemoteViewServices
0x000000002c4ca000 	/System/Library/PrivateFrameworks/UIFoundation.framework/Versions/A/UIFoundation
0x000000002c4ca000 	/System/Library/PrivateFrameworks/DFRFoundation.framework/Versions/A/DFRFoundation
0x000000002c4ca000 	/usr/lib/libenergytrace.dylib
0x000000002c4ca000 	/System/Library/PrivateFrameworks/SkyLight.framework/Versions/A/SkyLight
0x000000002c4ca000 	/System/Library/Frameworks/CoreGraphics.framework/Versions/A/CoreGraphics
0x000000002c4ca000 	/usr/lib/libScreenReader.dylib
0x000000002c4ca000 	/System/Library/Frameworks/Accelerate.framework/Versions/A/Accelerate
0x000000002c4ca000 	/System/Library/Frameworks/IOSurface.framework/Versions/A/IOSurface
0x000000002c4ca000 	/System/Library/Frameworks/AudioToolbox.framework/Versions/A/AudioToolbox
0x000000002c4ca000 	/System/Library/Frameworks/AudioUnit.framework/Versions/A/AudioUnit
0x000000002c4ca000 	/System/Library/PrivateFrameworks/DataDetectorsCore.framework/Versions/A/DataDetectorsCore
0x000000002c4ca000 	/System/Library/PrivateFrameworks/DesktopServicesPriv.framework/Versions/A/DesktopServicesPriv
0x000000002c4ca000 	/System/Library/Frameworks/Carbon.framework/Versions/A/Frameworks/HIToolbox.framework/Versions/A/HIToolbox
0x000000002c4ca000 	/usr/lib/libicucore.A.dylib
0x000000002c4ca000 	/System/Library/Frameworks/QuartzCore.framework/Versions/A/QuartzCore
0x000000002c4ca000 	/System/Library/Frameworks/Carbon.framework/Versions/A/Frameworks/SpeechRecognition.framework/Versions/A/SpeechRecognition
0x000000002c4ca000 	/usr/lib/libauto.dylib
0x000000002c4ca000 	/usr/lib/libxml2.2.dylib
0x000000002c4ca000 	/System/Library/PrivateFrameworks/CoreUI.framework/Versions/A/CoreUI
0x000000002c4ca000 	/System/Library/Frameworks/CoreAudio.framework/Versions/A/CoreAudio
0x000000002c4ca000 	/System/Library/Frameworks/DiskArbitration.framework/Versions/A/DiskArbitration
0x000000002c4ca000 	/usr/lib/liblangid.dylib
0x000000002c4ca000 	/System/Library/PrivateFrameworks/MultitouchSupport.framework/Versions/A/MultitouchSupport
0x000000002c4ca000 	/System/Library/Frameworks/IOKit.framework/Versions/A/IOKit
0x000000002c4ca000 	/usr/lib/libDiagnosticMessagesClient.dylib
0x000000002c4ca000 	/System/Library/Frameworks/CoreServices.framework/Versions/A/CoreServices
0x000000002c4ca000 	/System/Library/PrivateFrameworks/PerformanceAnalysis.framework/Versions/A/PerformanceAnalysis
0x000000002c4ca000 	/System/Library/PrivateFrameworks/GenerationalStorage.framework/Versions/A/GenerationalStorage
0x000000002c4ca000 	/System/Library/Frameworks/OpenGL.framework/Versions/A/OpenGL
0x000000002c4ca000 	/System/Library/Frameworks/CoreImage.framework/Versions/A/CoreImage
0x000000002c4ca000 	/System/Library/Frameworks/CoreText.framework/Versions/A/CoreText
0x000000002c4ca000 	/System/Library/Frameworks/ImageIO.framework/Versions/A/ImageIO
0x000000002c4ca000 	/System/Library/PrivateFrameworks/Backup.framework/Versions/A/Backup
0x000000002c4ca000 	/usr/lib/libarchive.2.dylib
0x000000002c4ca000 	/System/Library/Frameworks/CFNetwork.framework/Versions/A/CFNetwork
0x000000002c4ca000 	/System/Library/Frameworks/SystemConfiguration.framework/Versions/A/SystemConfiguration
0x000000002c4ca000 	/usr/lib/libCRFSuite.dylib
0x000000002c4ca000 	/usr/lib/libc++.1.dylib
0x000000002c4ca000 	/usr/lib/libc++abi.dylib
0x000000002c4ca000 	/usr/lib/system/libcache.dylib
0x000000002c4ca000 	/usr/lib/system/libcommonCrypto.dylib
0x000000002c4ca000 	/usr/lib/system/libcompiler_rt.dylib
0x000000002c4ca000 	/usr/lib/system/libcopyfile.dylib
0x000000002c4ca000 	/usr/lib/system/libcorecrypto.dylib
0x000000002c4ca000 	/usr/lib/system/libdispatch.dylib
0x000000002c4ca000 	/usr/lib/system/libdyld.dylib
0x000000002c4ca000 	/usr/lib/system/libkeymgr.dylib
0x000000002c4ca000 	/usr/lib/system/liblaunch.dylib
0x000000002c4ca000 	/usr/lib/system/libmacho.dylib
0x000000002c4ca000 	/usr/lib/system/libquarantine.dylib
0x000000002c4ca000 	/usr/lib/system/libremovefile.dylib
0x000000002c4ca000 	/usr/lib/system/libsystem_asl.dylib
0x000000002c4ca000 	/usr/lib/system/libsystem_blocks.dylib
0x000000002c4ca000 	/usr/lib/system/libsystem_c.dylib
0x000000002c4ca000 	/usr/lib/system/libsystem_configuration.dylib
0x000000002c4ca000 	/usr/lib/system/libsystem_coreservices.dylib
0x000000002c4ca000 	/usr/lib/system/libsystem_coretls.dylib
0x000000002c4ca000 	/usr/lib/system/libsystem_dnssd.dylib
0x000000002c4ca000 	/usr/lib/system/libsystem_info.dylib
0x000000002c4ca000 	/usr/lib/system/libsystem_kernel.dylib
0x000000002c4ca000 	/usr/lib/system/libsystem_m.dylib
0x000000002c4ca000 	/usr/lib/system/libsystem_malloc.dylib
0x000000002c4ca000 	/usr/lib/system/libsystem_network.dylib
0x000000002c4ca000 	/usr/lib/system/libsystem_networkextension.dylib
0x000000002c4ca000 	/usr/lib/system/libsystem_notify.dylib
0x000000002c4ca000 	/usr/lib/system/libsystem_platform.dylib
0x000000002c4ca000 	/usr/lib/system/libsystem_pthread.dylib
0x000000002c4ca000 	/usr/lib/system/libsystem_sandbox.dylib
0x000000002c4ca000 	/usr/lib/system/libsystem_secinit.dylib
0x000000002c4ca000 	/usr/lib/system/libsystem_symptoms.dylib
0x000000002c4ca000 	/usr/lib/system/libsystem_trace.dylib
0x000000002c4ca000 	/usr/lib/system/libunwind.dylib
0x000000002c4ca000 	/usr/lib/system/libxpc.dylib
0x000000002c4ca000 	/usr/lib/libbsm.0.dylib
0x000000002c4ca000 	/usr/lib/system/libkxld.dylib
0x000000002c4ca000 	/usr/lib/libcoretls.dylib
0x000000002c4ca000 	/usr/lib/libcoretls_cfhelpers.dylib
0x000000002c4ca000 	/usr/lib/libOpenScriptingUtil.dylib
0x000000002c4ca000 	/usr/lib/libpam.2.dylib
0x000000002c4ca000 	/usr/lib/libsqlite3.dylib
0x000000002c4ca000 	/usr/lib/libxar.1.dylib
0x000000002c4ca000 	/usr/lib/libbz2.1.0.dylib
0x000000002c4ca000 	/usr/lib/liblzma.5.dylib
0x000000002c4ca000 	/usr/lib/libnetwork.dylib
0x000000002c4ca000 	/usr/lib/libpcap.A.dylib
0x000000002c4ca000 	/System/Library/Frameworks/CoreServices.framework/Versions/A/Frameworks/FSEvents.framework/Versions/A/FSEvents
0x000000002c4ca000 	/System/Library/Frameworks/CoreServices.framework/Versions/A/Frameworks/CarbonCore.framework/Versions/A/CarbonCore
0x000000002c4ca000 	/System/Library/Frameworks/CoreServices.framework/Versions/A/Frameworks/Metadata.framework/Versions/A/Metadata
0x000000002c4ca000 	/System/Library/Frameworks/CoreServices.framework/Versions/A/Frameworks/OSServices.framework/Versions/A/OSServices
0x000000002c4ca000 	/System/Library/Frameworks/CoreServices.framework/Versions/A/Frameworks/SearchKit.framework/Versions/A/SearchKit
0x000000002c4ca000 	/System/Library/Frameworks/CoreServices.framework/Versions/A/Frameworks/AE.framework/Versions/A/AE
0x000000002c4ca000 	/System/Library/Frameworks/CoreServices.framework/Versions/A/Frameworks/LaunchServices.framework/Versions/A/LaunchServices
0x000000002c4ca000 	/System/Library/Frameworks/CoreServices.framework/Versions/A/Frameworks/DictionaryServices.framework/Versions/A/DictionaryServices
0x000000002c4ca000 	/System/Library/Frameworks/CoreServices.framework/Versions/A/Frameworks/SharedFileList.framework/Versions/A/SharedFileList
0x000000002c4ca000 	/System/Library/Frameworks/NetFS.framework/Versions/A/NetFS
0x000000002c4ca000 	/System/Library/PrivateFrameworks/NetAuth.framework/Versions/A/NetAuth
0x000000002c4ca000 	/System/Library/PrivateFrameworks/login.framework/Versions/A/Frameworks/loginsupport.framework/Versions/A/loginsupport
0x000000002c4ca000 	/System/Library/PrivateFrameworks/TCC.framework/Versions/A/TCC
0x000000002c4ca000 	/usr/lib/libmecabra.dylib
0x000000002c4ca000 	/System/Library/Frameworks/ApplicationServices.framework/Versions/A/Frameworks/ATS.framework/Versions/A/ATS
0x000000002c4ca000 	/System/Library/Frameworks/ApplicationServices.framework/Versions/A/Frameworks/ColorSync.framework/Versions/A/ColorSync
0x000000002c4ca000 	/System/Library/Frameworks/ApplicationServices.framework/Versions/A/Frameworks/HIServices.framework/Versions/A/HIServices
0x000000002c4ca000 	/System/Library/Frameworks/ApplicationServices.framework/Versions/A/Frameworks/LangAnalysis.framework/Versions/A/LangAnalysis
0x000000002c4ca000 	/System/Library/Frameworks/ApplicationServices.framework/Versions/A/Frameworks/PrintCore.framework/Versions/A/PrintCore
0x000000002c4ca000 	/System/Library/Frameworks/ApplicationServices.framework/Versions/A/Frameworks/QD.framework/Versions/A/QD
0x000000002c4ca000 	/System/Library/Frameworks/ApplicationServices.framework/Versions/A/Frameworks/SpeechSynthesis.framework/Versions/A/SpeechSynthesis
0x000000002c4ca000 	/System/Library/Frameworks/Accelerate.framework/Versions/A/Frameworks/vImage.framework/Versions/A/vImage
0x000000002c4ca000 	/System/Library/Frameworks/Accelerate.framework/Versions/A/Frameworks/vecLib.framework/Versions/A/vecLib
0x000000002c4ca000 	/System/Library/Frameworks/Accelerate.framework/Versions/A/Frameworks/vecLib.framework/Versions/A/libvDSP.dylib
0x000000002c4ca000 	/System/Library/Frameworks/Accelerate.framework/Versions/A/Frameworks/vecLib.framework/Versions/A/libBNNS.dylib
0x000000002c4ca000 	/System/Library/Frameworks/Accelerate.framework/Versions/A/Frameworks/vecLib.framework/Versions/A/libQuadrature.dylib
0x000000002c4ca000 	/System/Library/Frameworks/Accelerate.framework/Versions/A/Frameworks/vecLib.framework/Versions/A/libvMisc.dylib
0x000000002c4ca000 	/System/Library/Frameworks/Accelerate.framework/Versions/A/Frameworks/vecLib.framework/Versions/A/libLAPACK.dylib
0x000000002c4ca000 	/System/Library/Frameworks/Accelerate.framework/Versions/A/Frameworks/vecLib.framework/Versions/A/libBLAS.dylib
0x000000002c4ca000 	/System/Library/Frameworks/Accelerate.framework/Versions/A/Frameworks/vecLib.framework/Versions/A/libLinearAlgebra.dylib
0x000000002c4ca000 	/System/Library/Frameworks/Accelerate.framework/Versions/A/Frameworks/vecLib.framework/Versions/A/libSparseBLAS.dylib
0x000000002c4ca000 	/System/Library/Frameworks/ApplicationServices.framework/Versions/A/Frameworks/ATS.framework/Versions/A/Resources/libFontParser.dylib
0x000000002c4ca000 	/System/Library/Frameworks/ApplicationServices.framework/Versions/A/Frameworks/ATS.framework/Versions/A/Resources/libFontRegistry.dylib
0x000000002c4ca000 	/System/Library/Frameworks/ImageIO.framework/Versions/A/Resources/libJPEG.dylib
0x000000002c4ca000 	/System/Library/Frameworks/ImageIO.framework/Versions/A/Resources/libTIFF.dylib
0x000000002c4ca000 	/System/Library/Frameworks/ImageIO.framework/Versions/A/Resources/libPng.dylib
0x000000002c4ca000 	/System/Library/Frameworks/ImageIO.framework/Versions/A/Resources/libGIF.dylib
0x000000002c4ca000 	/System/Library/Frameworks/ImageIO.framework/Versions/A/Resources/libJP2.dylib
0x000000002c4ca000 	/System/Library/Frameworks/ImageIO.framework/Versions/A/Resources/libRadiance.dylib
0x000000002c4ca000 	/usr/lib/libcompression.dylib
0x000000002c4ca000 	/System/Library/PrivateFrameworks/AppleJPEG.framework/Versions/A/AppleJPEG
0x000000002c4ca000 	/usr/lib/libcups.2.dylib
0x000000002c4ca000 	/System/Library/Frameworks/Kerberos.framework/Versions/A/Kerberos
0x000000002c4ca000 	/System/Library/Frameworks/GSS.framework/Versions/A/GSS
0x000000002c4ca000 	/usr/lib/libresolv.9.dylib
0x000000002c4ca000 	/usr/lib/libiconv.2.dylib
0x000000002c4ca000 	/System/Library/PrivateFrameworks/Heimdal.framework/Versions/A/Heimdal
0x000000002c4ca000 	/usr/lib/libheimdal-asn1.dylib
0x000000002c4ca000 	/System/Library/Frameworks/OpenDirectory.framework/Versions/A/OpenDirectory
0x000000002c4ca000 	/System/Library/PrivateFrameworks/CommonAuth.framework/Versions/A/CommonAuth
0x000000002c4ca000 	/System/Library/Frameworks/OpenDirectory.framework/Versions/A/Frameworks/CFOpenDirectory.framework/Versions/A/CFOpenDirectory
0x000000002c4ca000 	/System/Library/Frameworks/SecurityFoundation.framework/Versions/A/SecurityFoundation
0x000000002c4ca000 	/System/Library/PrivateFrameworks/LanguageModeling.framework/Versions/A/LanguageModeling
0x000000002c4ca000 	/usr/lib/libmarisa.dylib
0x000000002c4ca000 	/usr/lib/libChineseTokenizer.dylib
0x000000002c4ca000 	/usr/lib/libcmph.dylib
0x000000002c4ca000 	/System/Library/PrivateFrameworks/CoreEmoji.framework/Versions/A/CoreEmoji
0x000000002c4ca000 	/System/Library/Frameworks/ServiceManagement.framework/Versions/A/ServiceManagement
0x000000002c4ca000 	/usr/lib/libxslt.1.dylib
0x000000002c4ca000 	/System/Library/Frameworks/Carbon.framework/Versions/A/Frameworks/Ink.framework/Versions/A/Ink
0x000000002c4ca000 	/System/Library/PrivateFrameworks/TextureIO.framework/Versions/A/TextureIO
0x000000002c4ca000 	/System/Library/Frameworks/Metal.framework/Versions/A/Metal
0x000000002c4ca000 	/usr/lib/libate.dylib
0x000000002c4ca000 	/System/Library/PrivateFrameworks/GPUCompiler.framework/libmetal_timestamp.dylib
0x000000002c4ca000 	/System/Library/Frameworks/OpenGL.framework/Versions/A/Libraries/libCoreFSCache.dylib
0x000000002c4ca000 	/System/Library/PrivateFrameworks/IOAccelerator.framework/Versions/A/IOAccelerator
0x000000002c4ca000 	/System/Library/Frameworks/CoreVideo.framework/Versions/A/CoreVideo
0x000000002c4ca000 	/usr/lib/libFosl_dynamic.dylib
0x000000002c4ca000 	/System/Library/PrivateFrameworks/MetalPerformanceShaders.framework/Versions/A/MetalPerformanceShaders
0x000000002c4ca000 	/System/Library/PrivateFrameworks/FaceCore.framework/Versions/A/FaceCore
0x000000002c4ca000 	/System/Library/Frameworks/OpenCL.framework/Versions/A/OpenCL
0x000000002c4ca000 	/System/Library/Frameworks/OpenGL.framework/Versions/A/Libraries/libGLU.dylib
0x000000002c4ca000 	/System/Library/Frameworks/OpenGL.framework/Versions/A/Libraries/libGFXShared.dylib
0x000000002c4ca000 	/System/Library/Frameworks/OpenGL.framework/Versions/A/Libraries/libGL.dylib
0x000000002c4ca000 	/System/Library/Frameworks/OpenGL.framework/Versions/A/Libraries/libGLImage.dylib
0x000000002c4ca000 	/System/Library/Frameworks/OpenGL.framework/Versions/A/Libraries/libCVMSPluginSupport.dylib
0x000000002c4ca000 	/System/Library/Frameworks/OpenGL.framework/Versions/A/Libraries/libCoreVMClient.dylib
0x000000002c4ca000 	/System/Library/PrivateFrameworks/CrashReporterSupport.framework/Versions/A/CrashReporterSupport
0x000000002c4ca000 	/System/Library/PrivateFrameworks/Sharing.framework/Versions/A/Sharing
0x000000002c4ca000 	/System/Library/PrivateFrameworks/IconServices.framework/Versions/A/IconServices
0x000000002c4ca000 	/System/Library/PrivateFrameworks/ProtocolBuffer.framework/Versions/A/ProtocolBuffer
0x000000002c4ca000 	/System/Library/PrivateFrameworks/Apple80211.framework/Versions/A/Apple80211
0x000000002c4ca000 	/System/Library/Frameworks/CoreWLAN.framework/Versions/A/CoreWLAN
0x000000002c4ca000 	/System/Library/PrivateFrameworks/CoreUtils.framework/Versions/A/CoreUtils
0x000000002c4ca000 	/System/Library/Frameworks/IOBluetooth.framework/Versions/A/IOBluetooth
0x000000002c4ca000 	/System/Library/PrivateFrameworks/CoreWiFi.framework/Versions/A/CoreWiFi
0x000000002c4ca000 	/System/Library/Frameworks/CoreBluetooth.framework/Versions/A/CoreBluetooth
0x000000002c4ca000 	/System/Library/Frameworks/CoreDisplay.framework/Versions/A/CoreDisplay
0x000000002c4ca000 	/System/Library/PrivateFrameworks/IOPresentment.framework/Versions/A/IOPresentment
0x000000002c4ca000 	/System/Library/PrivateFrameworks/DSExternalDisplay.framework/Versions/A/DSExternalDisplay
0x000000002c4ca000 	/System/Library/PrivateFrameworks/DebugSymbols.framework/Versions/A/DebugSymbols
0x000000002c4ca000 	/System/Library/PrivateFrameworks/CoreSymbolication.framework/Versions/A/CoreSymbolication
0x000000002c4ca000 	/System/Library/PrivateFrameworks/Symbolication.framework/Versions/A/Symbolication
0x000000002c4ca000 	/System/Library/PrivateFrameworks/AppleFSCompression.framework/Versions/A/AppleFSCompression
0x000000002c4ca000 	/System/Library/PrivateFrameworks/SpeechRecognitionCore.framework/Versions/A/SpeechRecognitionCore
0x000000002c4ca000 	/System/Library/PrivateFrameworks/ChunkingLibrary.framework/Versions/A/ChunkingLibrary
0x000000010c200000 	/Library/Java/JavaVirtualMachines/jdk1.8.0_91.jdk/Contents/Home/jre/lib/server/libjvm.dylib
0x000000002c4ca000 	/usr/lib/libstdc++.6.dylib
0x000000010b19e000 	/Library/Java/JavaVirtualMachines/jdk1.8.0_91.jdk/Contents/Home/jre/lib/libverify.dylib
0x000000010b1ac000 	/Library/Java/JavaVirtualMachines/jdk1.8.0_91.jdk/Contents/Home/jre/lib/libjava.dylib
0x000000010b1eb000 	/Library/Java/JavaVirtualMachines/jdk1.8.0_91.jdk/Contents/Home/jre/lib/libzip.dylib
0x00000001282eb000 	/System/Library/Frameworks/JavaVM.framework/Frameworks/JavaRuntimeSupport.framework/JavaRuntimeSupport
0x00000001166e9000 	/System/Library/Frameworks/JavaVM.framework/Versions/A/Frameworks/JavaNativeFoundation.framework/Versions/A/JavaNativeFoundation
0x0000000128305000 	/System/Library/Frameworks/JavaVM.framework/Versions/A/JavaVM
0x000000002c4ca000 	/System/Library/Frameworks/Carbon.framework/Versions/A/Carbon
0x0000000128312000 	/System/Library/PrivateFrameworks/JavaLaunching.framework/Versions/A/JavaLaunching
0x000000002c4ca000 	/System/Library/Frameworks/Carbon.framework/Versions/A/Frameworks/CommonPanels.framework/Versions/A/CommonPanels
0x000000002c4ca000 	/System/Library/Frameworks/Carbon.framework/Versions/A/Frameworks/Help.framework/Versions/A/Help
0x000000002c4ca000 	/System/Library/Frameworks/Carbon.framework/Versions/A/Frameworks/ImageCapture.framework/Versions/A/ImageCapture
0x000000002c4ca000 	/System/Library/Frameworks/Carbon.framework/Versions/A/Frameworks/OpenScripting.framework/Versions/A/OpenScripting
0x000000002c4ca000 	/System/Library/Frameworks/Carbon.framework/Versions/A/Frameworks/Print.framework/Versions/A/Print
0x000000002c4ca000 	/System/Library/Frameworks/Carbon.framework/Versions/A/Frameworks/SecurityHI.framework/Versions/A/SecurityHI
0x0000000129c17000 	/Library/Java/JavaVirtualMachines/jdk1.8.0_91.jdk/Contents/Home/jre/lib/libmanagement.dylib
0x0000000129c25000 	/Library/Java/JavaVirtualMachines/jdk1.8.0_91.jdk/Contents/Home/jre/lib/libnet.dylib
0x0000000129c84000 	/Library/Java/JavaVirtualMachines/jdk1.8.0_91.jdk/Contents/Home/jre/lib/libnio.dylib
0x000000012b4e0000 	/private/var/folders/43/qhgkn4454nn5mztzh64dssgh0000gn/T/sqlite-3.8.11.2-46522e6a-011c-49fb-9fe9-0482953d5a4e-libsqlitejdbc.jnilib

VM Arguments:
jvm_args: -Dcom.sun.management.jmxremote -Dcom.sun.management.jmxremote.port=56170 -Dcom.sun.management.jmxremote.authenticate=false -Dcom.sun.management.jmxremote.ssl=false -Djava.rmi.server.hostname=localhost -Dspring.application.admin.enabled=true -Djava.security.egd=file:/dev/./urandom -Xverify:none -XX:TieredStopAtLevel=1 -Dfile.encoding=UTF-8 
java_command: net.contal.spring.SpringBootJpsApplication
java_class_path (initial): /Users/betwar/Desktop/workspace-oxygen/spring-boot-themleaf/bin:/Users/betwar/.gradle/caches/modules-2/files-2.1/org.springframework.boot/spring-boot-starter-web/1.5.6.RELEASE/6f47b0a9e7e39b46b9e66ebdd2bff1c7edee5930/spring-boot-starter-web-1.5.6.RELEASE.jar:/Users/betwar/.gradle/caches/modules-2/files-2.1/org.springframework.boot/spring-boot-starter-thymeleaf/1.5.6.RELEASE/efa51e8d562c6d3c95906f77787d232649f7c730/spring-boot-starter-thymeleaf-1.5.6.RELEASE.jar:/Users/betwar/.gradle/caches/modules-2/files-2.1/org.springframework.boot/spring-boot-devtools/1.5.6.RELEASE/491de9b0131a4210de1ec449aad8366e2540f86/spring-boot-devtools-1.5.6.RELEASE.jar:/Users/betwar/.gradle/caches/modules-2/files-2.1/org.apache.commons/commons-lang3/3.5/6c6c702c89bfff3cd9e80b04d668c5e190d588c6/commons-lang3-3.5.jar:/Users/betwar/.gradle/caches/modules-2/files-2.1/com.google.code.gson/gson/2.8.1/2a8e0aa38a2e21cb39e2f5a7d6704cbdc941da0/gson-2.8.1.jar:/Users/betwar/.gradle/caches/modules-2/files-2.1/org.springframework.boot/spring-boot-starter/1.5.6.RELEASE/58c72d105fdf41f605c15c243b72300fa78cccd1/spring-boot-starter-1.5.6.RELEASE.jar:/Users/betwar/.gradle/caches/modules-2/files-2.1/org.springframework.boot/spring-boot-starter-tomcat/1.5.6.RELEASE/1d0960e91dfdad2b6b82700ba1613c006355669/spring-boot-starter-tomcat-1.5.6.RELEASE.jar:/Users/betwar/.gradle/caches/modules-2/files-2.1/org.hibernate/hibernate-validator/5.3.5.Final/622a9bcef2eed6d41b5b8e0662c36212009e375/hibernate-validator-5.3.5.Final.jar:/Users/betwar/.gradle/caches/modules-2/files-2.1/com.fasterxml.jackson.core/jackson-databind/2.8.9/4dfca3975be3c1a98eacb829e70f02e9a71bc159/jackson-databind-2.8.9.jar:/Users/betwar/.gradle/caches/modules-2/files-2.1/org.springframework/spring-web/4.3.10.RELEASE/6344501cb03cb4787c67cf3f820a471e07b9203b/spring-web-4.3.10.RELEASE.jar:/Users/betwar/.gradle/caches/modules-2/files-2.1/org.springframework/spring-webmvc/4.3.10.RELEASE/6809017a5a76bdaf1957f1cc0a892d448fc6f3df/sp
Launcher Type: SUN_STANDARD

Environment Variables:
PATH=/usr/bin:/bin:/usr/sbin:/sbin
SHELL=/bin/bash

Signal Handlers:
SIGSEGV: [libjvm.dylib+0x5a97a1], sa_mask[0]=11111111011111110111111111111111, sa_flags=SA_ONSTACK|SA_RESTART|SA_SIGINFO
SIGBUS: [libjvm.dylib+0x5a97a1], sa_mask[0]=11111111011111110111111111111111, sa_flags=SA_RESTART|SA_SIGINFO
SIGFPE: [libjvm.dylib+0x482594], sa_mask[0]=11111111011111110111111111111111, sa_flags=SA_RESTART|SA_SIGINFO
SIGPIPE: [libjvm.dylib+0x482594], sa_mask[0]=11111111011111110111111111111111, sa_flags=SA_RESTART|SA_SIGINFO
SIGXFSZ: [libjvm.dylib+0x482594], sa_mask[0]=11111111011111110111111111111111, sa_flags=SA_RESTART|SA_SIGINFO
SIGILL: [libjvm.dylib+0x482594], sa_mask[0]=11111111011111110111111111111111, sa_flags=SA_RESTART|SA_SIGINFO
SIGUSR1: SIG_DFL, sa_mask[0]=00000000000000000000000000000000, sa_flags=none
SIGUSR2: [libjvm.dylib+0x4820b2], sa_mask[0]=00100000000000000000000000000000, sa_flags=SA_RESTART|SA_SIGINFO
SIGHUP: [libjvm.dylib+0x480689], sa_mask[0]=11111111011111110111111111111111, sa_flags=SA_RESTART|SA_SIGINFO
SIGINT: [libjvm.dylib+0x480689], sa_mask[0]=11111111011111110111111111111111, sa_flags=SA_RESTART|SA_SIGINFO
SIGTERM: [libjvm.dylib+0x480689], sa_mask[0]=11111111011111110111111111111111, sa_flags=SA_RESTART|SA_SIGINFO
SIGQUIT: [libjvm.dylib+0x480689], sa_mask[0]=11111111011111110111111111111111, sa_flags=SA_RESTART|SA_SIGINFO


---------------  S Y S T E M  ---------------

OS:Bsduname:Darwin 16.7.0 Darwin Kernel Version 16.7.0: Thu Jun 15 17:36:27 PDT 2017; root:xnu-3789.70.16~2/RELEASE_X86_64 x86_64
rlimit: STACK 8192k, CORE 0k, NPROC 709, NOFILE 10240, AS infinity
load average:1.97 2.11 2.14

CPU:total 8 (4 cores per cpu, 2 threads per core) family 6 model 58 stepping 9, cmov, cx8, fxsr, mmx, sse, sse2, sse3, ssse3, sse4.1, sse4.2, popcnt, avx, aes, clmul, erms, ht, tsc, tscinvbit, tscinv

Memory: 4k page, physical 16777216k(43576k free)

/proc/meminfo:


vm_info: Java HotSpot(TM) 64-Bit Server VM (25.91-b14) for bsd-amd64 JRE (1.8.0_91-b14), built on Apr  1 2016 01:03:00 by "java_re" with gcc 4.2.1 (Based on Apple Inc. build 5658) (LLVM build 2336.11.00)

time: Tue Sep 12 13:24:07 2017
elapsed time: 61 seconds (0d 0h 1m 1s)

