#
# A fatal error has been detected by the Java Runtime Environment:
#
#  SIGSEGV (0xb) at pc=0x000000012f5f0eed, pid=6463, tid=14339
#
# JRE version: Java(TM) SE Runtime Environment (8.0_91-b14) (build 1.8.0_91-b14)
# Java VM: Java HotSpot(TM) 64-Bit Server VM (25.91-b14 mixed mode bsd-amd64 compressed oops)
# Problematic frame:
# C  [sqlite-3.8.11.2-321d7d5a-f6fe-4e79-aa36-3e0e6a545544-libsqlitejdbc.jnilib+0xdeed]  sqlite3_reset+0x3d
#
# Failed to write core dump. Core dumps have been disabled. To enable core dumping, try "ulimit -c unlimited" before starting Java again
#
# If you would like to submit a bug report, please visit:
#   http://bugreport.java.com/bugreport/crash.jsp
# The crash happened outside the Java Virtual Machine in native code.
# See problematic frame for where to report the bug.
#

---------------  T H R E A D  ---------------

Current thread (0x00007fc033832800):  JavaThread "Finalizer" daemon [_thread_in_native, id=14339, stack(0x000070000e71d000,0x000070000e81d000)]

siginfo: si_signo: 11 (SIGSEGV), si_code: 0 (unknown), si_addr: 0x0000000000000000

Registers:
RAX=0x1000000000000000, RBX=0x000000012f46e638, RCX=0x0000000110c18340, RDX=0x00007fc034694490
RSP=0x000070000e81c5b0, RBP=0x000070000e81c5d0, RSI=0x000070000e81c6b0, RDI=0x00007fc034694490
R8 =0x00007fc03270cd40, R9 =0x000000000062a601, R10=0x000000011b489443, R11=0x00000001108de357
R12=0x0000000000000000, R13=0x000000012f46e638, R14=0x000070000e81c6b0, R15=0x00007fc033832800
RIP=0x000000012f5f0eed, EFLAGS=0x0000000000010206, ERR=0x0000000000000000
  TRAPNO=0x000000000000000d

Top of Stack: (sp=0x000070000e81c5b0)
0x000070000e81c5b0:   1000000000000000 00007fc034694490
0x000070000e81c5c0:   00007fc034694490 00007fc034694490
0x000070000e81c5d0:   000070000e81c600 000000012f5e5445
0x000070000e81c5e0:   0000000200000000 00007fc034694490
0x000070000e81c5f0:   000070000e81c6b0 00007fc0338329f8
0x000070000e81c600:   000070000e81c680 000000011b48946f
0x000070000e81c610:   000070000e81c680 000000011b489225
0x000070000e81c620:   000000012f46e638 000000011b4891f1
0x000070000e81c630:   0000000000000003 00000006c16331e0
0x000070000e81c640:   000070000e81c630 000000012f46e638
0x000070000e81c650:   000070000e81c6b0 000000012f484dd8
0x000070000e81c660:   0000000000000000 000000012f46e638
0x000070000e81c670:   0000000000000000 000070000e81c6a0
0x000070000e81c680:   000070000e81c6f8 000000011b478d00
0x000070000e81c690:   0000000000000000 000000011b482536
0x000070000e81c6a0:   00007fc034694490 00007fc034694490
0x000070000e81c6b0:   00000006c16331e0 000070000e81c6b8
0x000070000e81c6c0:   000000012f4ae1d9 000070000e81c708
0x000070000e81c6d0:   000000012f4ae470 0000000000000000
0x000070000e81c6e0:   000000012f4ae220 000070000e81c6a0
0x000070000e81c6f0:   000070000e81c710 000070000e81c7d0
0x000070000e81c700:   000000011c1e0b54 00000006c16336c0
0x000070000e81c710:   0000000000000000 000070000e81c708
0x000070000e81c720:   000000012f46e638 000070000e81c788
0x000070000e81c730:   000000012f484dd8 0000000000000000
0x000070000e81c740:   000000012f46e638 0000000000000000
0x000070000e81c750:   000070000e81c778 00000006c1633688
0x000070000e81c760:   000000011b478d00 0000000000000000
0x000070000e81c770:   000070000e81c7d0 000000011b4792bd
0x000070000e81c780:   000000011b4792bd 00000006c1633688
0x000070000e81c790:   000070000e81c790 000000012f48ca39
0x000070000e81c7a0:   000070000e81c7e0 000000012f48f8a8 

Instructions: (pc=0x000000012f5f0eed)
0x000000012f5f0ecd:   00 00 00 00 e9 73 00 00 00 48 8b 45 f8 48 89 45
0x000000012f5f0edd:   e8 48 8b 45 e8 48 8b 00 48 89 45 e0 48 8b 45 e0
0x000000012f5f0eed:   48 8b 78 18 e8 0a 67 ff ff 48 8b 45 e8 48 81 b8
0x000000012f5f0efd:   b8 00 00 00 00 00 00 00 0f 8e 0d 00 00 00 48 8b 

Register to memory mapping:

RAX=0x1000000000000000 is an unknown value
RBX={method} {0x000000012f46e638} 'reset' '(J)I' in 'org/sqlite/core/NativeDB'
RCX=0x0000000110c18340: UseMembar+0 in /Library/Java/JavaVirtualMachines/jdk1.8.0_91.jdk/Contents/Home/jre/lib/server/libjvm.dylib at 0x0000000110400000
RDX=0x00007fc034694490 is an unknown value
RSP=0x000070000e81c5b0 is pointing into the stack for thread: 0x00007fc033832800
RBP=0x000070000e81c5d0 is pointing into the stack for thread: 0x00007fc033832800
RSI=0x000070000e81c6b0 is pointing into the stack for thread: 0x00007fc033832800
RDI=0x00007fc034694490 is an unknown value
R8 =0x00007fc03270cd40 is an unknown value
R9 =0x000000000062a601 is an unknown value
R10=0x000000011b489443 is at code_begin+1187 in an Interpreter codelet
method entry point (kind = native_synchronized)  [0x000000011b488fa0, 0x000000011b489a20]  2688 bytes
R11=0x00000001108de357: throw_unsatisfied_link_error+0 in /Library/Java/JavaVirtualMachines/jdk1.8.0_91.jdk/Contents/Home/jre/lib/server/libjvm.dylib at 0x0000000110400000
R12=0x0000000000000000 is an unknown value
R13={method} {0x000000012f46e638} 'reset' '(J)I' in 'org/sqlite/core/NativeDB'
R14=0x000070000e81c6b0 is pointing into the stack for thread: 0x00007fc033832800
R15=0x00007fc033832800 is a thread


Stack: [0x000070000e71d000,0x000070000e81d000],  sp=0x000070000e81c5b0,  free space=1021k
Native frames: (J=compiled Java code, j=interpreted, Vv=VM code, C=native code)
C  [sqlite-3.8.11.2-321d7d5a-f6fe-4e79-aa36-3e0e6a545544-libsqlitejdbc.jnilib+0xdeed]  sqlite3_reset+0x3d
C  [sqlite-3.8.11.2-321d7d5a-f6fe-4e79-aa36-3e0e6a545544-libsqlitejdbc.jnilib+0x2445]  Java_org_sqlite_core_NativeDB_reset+0x25
j  org.sqlite.core.NativeDB.reset(J)I+0
j  org.sqlite.core.CoreResultSet.close()V+81
J 6172 C1 org.sqlite.core.CoreStatement.internalClose()V (74 bytes) @ 0x000000011c1e0b54 [0x000000011c1e0ac0+0x94]
j  org.sqlite.jdbc3.JDBC3Statement.close()V+33
j  org.sqlite.jdbc3.JDBC3Statement.finalize()V+1
J 1182 C1 java.lang.ref.Finalizer.runFinalizer(Lsun/misc/JavaLangAccess;)V (62 bytes) @ 0x000000011b758524 [0x000000011b758320+0x204]
J 1181 C1 java.lang.ref.Finalizer.access$100(Ljava/lang/ref/Finalizer;Lsun/misc/JavaLangAccess;)V (6 bytes) @ 0x000000011b758014 [0x000000011b758000+0x14]
j  java.lang.ref.Finalizer$FinalizerThread.run()V+45
v  ~StubRoutines::call_stub
V  [libjvm.dylib+0x2ec1e6]
V  [libjvm.dylib+0x2ec974]
V  [libjvm.dylib+0x2ecb20]
V  [libjvm.dylib+0x34726d]
V  [libjvm.dylib+0x563d17]
V  [libjvm.dylib+0x565412]
V  [libjvm.dylib+0x484f82]
C  [libsystem_pthread.dylib+0x393b]  _pthread_body+0xb4
C  [libsystem_pthread.dylib+0x3887]  _pthread_body+0x0
C  [libsystem_pthread.dylib+0x308d]  thread_start+0xd
C  0x0000000000000000

Java frames: (J=compiled Java code, j=interpreted, Vv=VM code)
j  org.sqlite.core.NativeDB.reset(J)I+0
j  org.sqlite.core.CoreResultSet.close()V+81
J 6172 C1 org.sqlite.core.CoreStatement.internalClose()V (74 bytes) @ 0x000000011c1e0b54 [0x000000011c1e0ac0+0x94]
j  org.sqlite.jdbc3.JDBC3Statement.close()V+33
j  org.sqlite.jdbc3.JDBC3Statement.finalize()V+1
J 1182 C1 java.lang.ref.Finalizer.runFinalizer(Lsun/misc/JavaLangAccess;)V (62 bytes) @ 0x000000011b758524 [0x000000011b758320+0x204]
J 1181 C1 java.lang.ref.Finalizer.access$100(Ljava/lang/ref/Finalizer;Lsun/misc/JavaLangAccess;)V (6 bytes) @ 0x000000011b758014 [0x000000011b758000+0x14]
j  java.lang.ref.Finalizer$FinalizerThread.run()V+45
v  ~StubRoutines::call_stub

---------------  P R O C E S S  ---------------

Java Threads: ( => current thread )
  0x00007fc03500a800 JavaThread "restartedMain" [_thread_in_vm, id=30275, stack(0x000070000f6cd000,0x000070000f7cd000)]
  0x00007fc03608f000 JavaThread "Thread-47" [_thread_blocked, id=24839, stack(0x000070000f2c1000,0x000070000f3c1000)]
  0x00007fc033b8f000 JavaThread "http-nio-8080-AsyncTimeout" daemon [_thread_blocked, id=40723, stack(0x0000700011830000,0x0000700011930000)]
  0x00007fc0334d8000 JavaThread "File Watcher" daemon [_thread_blocked, id=41231, stack(0x000070000ffe8000,0x00007000100e8000)]
  0x00007fc032b2a000 JavaThread "File Watcher" daemon [_thread_blocked, id=39703, stack(0x000070000fee5000,0x000070000ffe5000)]
  0x00007fc035018000 JavaThread "File Watcher" daemon [_thread_blocked, id=37403, stack(0x000070000fcdf000,0x000070000fddf000)]
  0x00007fc03605f000 JavaThread "File Watcher" daemon [_thread_blocked, id=39187, stack(0x000070000fbdc000,0x000070000fcdc000)]
  0x00007fc0339df000 JavaThread "File Watcher" daemon [_thread_blocked, id=29231, stack(0x000070000fad9000,0x000070000fbd9000)]
  0x00007fc033a9b800 JavaThread "File Watcher" daemon [_thread_blocked, id=37139, stack(0x000070000f9d6000,0x000070000fad6000)]
  0x00007fc032b56800 JavaThread "File Watcher" daemon [_thread_blocked, id=38439, stack(0x000070000f8d3000,0x000070000f9d3000)]
  0x00007fc03363c000 JavaThread "File Watcher" daemon [_thread_blocked, id=38951, stack(0x000070000f4c7000,0x000070000f5c7000)]
  0x00007fc033763000 JavaThread "File Watcher" daemon [_thread_blocked, id=32543, stack(0x000070000f3c4000,0x000070000f4c4000)]
  0x00007fc034817800 JavaThread "RMI TCP Connection(idle)" daemon [_thread_blocked, id=24355, stack(0x0000700010d0f000,0x0000700010e0f000)]
  0x00007fc036074000 JavaThread "DestroyJavaVM" [_thread_blocked, id=6915, stack(0x000070000dbfc000,0x000070000dcfc000)]
  0x00007fc036268800 JavaThread "Live Reload Server" daemon [_thread_in_native, id=28423, stack(0x000070000fde2000,0x000070000fee2000)]
  0x00007fc032a01800 JavaThread "JMX server connection timeout 20" daemon [_thread_blocked, id=25347, stack(0x000070000f7d0000,0x000070000f8d0000)]
  0x00007fc03608e000 JavaThread "RMI Scheduler(0)" daemon [_thread_blocked, id=16391, stack(0x000070000f5ca000,0x000070000f6ca000)]
  0x00007fc0332fc000 JavaThread "RMI TCP Accept-0" daemon [_thread_in_native, id=22787, stack(0x000070000f0bb000,0x000070000f1bb000)]
  0x00007fc0332f0800 JavaThread "RMI TCP Accept-56580" daemon [_thread_in_native, id=22275, stack(0x000070000efb8000,0x000070000f0b8000)]
  0x00007fc032936000 JavaThread "RMI TCP Accept-0" daemon [_thread_in_native, id=21763, stack(0x000070000eeb5000,0x000070000efb5000)]
  0x00007fc036005000 JavaThread "Service Thread" daemon [_thread_blocked, id=21251, stack(0x000070000edb2000,0x000070000eeb2000)]
  0x00007fc03600b000 JavaThread "C1 CompilerThread3" daemon [_thread_blocked, id=20739, stack(0x000070000ecaf000,0x000070000edaf000)]
  0x00007fc03600a000 JavaThread "C2 CompilerThread2" daemon [_thread_blocked, id=20227, stack(0x000070000ebac000,0x000070000ecac000)]
  0x00007fc036009800 JavaThread "C2 CompilerThread1" daemon [_thread_blocked, id=19715, stack(0x000070000eaa9000,0x000070000eba9000)]
  0x00007fc036008000 JavaThread "C2 CompilerThread0" daemon [_thread_blocked, id=19203, stack(0x000070000e9a6000,0x000070000eaa6000)]
  0x00007fc036004000 JavaThread "Signal Dispatcher" daemon [_thread_blocked, id=18691, stack(0x000070000e8a3000,0x000070000e9a3000)]
=>0x00007fc033832800 JavaThread "Finalizer" daemon [_thread_in_native, id=14339, stack(0x000070000e71d000,0x000070000e81d000)]
  0x00007fc03284a000 JavaThread "Reference Handler" daemon [_thread_blocked, id=13827, stack(0x000070000e61a000,0x000070000e71a000)]

Other Threads:
  0x00007fc032845800 VMThread [stack: 0x000070000e517000,0x000070000e617000] [id=13315]
  0x00007fc0332fe800 WatcherThread [stack: 0x000070000f1be000,0x000070000f2be000] [id=23299]

VM state:not at safepoint (normal execution)

VM Mutex/Monitor currently owned by a thread: None

Heap:
 PSYoungGen      total 666624K, used 4248K [0x000000076ab00000, 0x000000079ec00000, 0x00000007c0000000)
  eden space 664576K, 0% used [0x000000076ab00000,0x000000076af260d8,0x0000000793400000)
  from space 2048K, 0% used [0x0000000797780000,0x0000000797780000,0x0000000797980000)
  to   space 64000K, 0% used [0x000000079ad80000,0x000000079ad80000,0x000000079ec00000)
 ParOldGen       total 226304K, used 24383K [0x00000006c0000000, 0x00000006cdd00000, 0x000000076ab00000)
  object space 226304K, 10% used [0x00000006c0000000,0x00000006c17cffe0,0x00000006cdd00000)
 Metaspace       used 36920K, capacity 38700K, committed 39000K, reserved 1083392K
  class space    used 4571K, capacity 5202K, committed 5248K, reserved 1048576K

Card table byte_map: [0x0000000111754000,0x0000000111f55000] byte_map_base: 0x000000010e154000

Marking Bits: (ParMarkBitMap*) 0x0000000110ce6eb0
 Begin Bits: [0x00000001124ab000, 0x00000001164ab000)
 End Bits:   [0x00000001164ab000, 0x000000011a4ab000)

Polling page: 0x000000010f2e4000

CodeCache: size=245760Kb used=14385Kb max_used=14385Kb free=231374Kb
 bounds [0x000000011b471000, 0x000000011c281000, 0x000000012a471000]
 total_blobs=7072 nmethods=6391 adapters=593
 compilation: enabled

Compilation events (10 events):
Event: 1053.885 Thread 0x00007fc03600b000 6466       1       org.springframework.boot.devtools.filewatch.FolderSnapshot::getFolder (5 bytes)
Event: 1053.885 Thread 0x00007fc03600b000 nmethod 6466 0x000000011c27d610 code [0x000000011c27d760, 0x000000011c27d870]
Event: 1054.079 Thread 0x00007fc03600b000 6467       1       org.springframework.beans.factory.support.DefaultListableBeanFactory::destroySingleton (21 bytes)
Event: 1054.079 Thread 0x00007fc03600b000 nmethod 6467 0x000000011c27d8d0 code [0x000000011c27da60, 0x000000011c27dc38]
Event: 1054.080 Thread 0x00007fc03600b000 6468   !   1       org.springframework.beans.factory.support.DefaultSingletonBeanRegistry::destroySingleton (45 bytes)
Event: 1054.080 Thread 0x00007fc03600b000 nmethod 6468 0x000000011c27dd50 code [0x000000011c27dee0, 0x000000011c27e268]
Event: 1054.137 Thread 0x00007fc03600b000 6469       1       org.apache.coyote.http11.Http11NioProtocol::getLog (4 bytes)
Event: 1054.138 Thread 0x00007fc03600b000 nmethod 6469 0x000000011c27e410 code [0x000000011c27e560, 0x000000011c27e670]
Event: 1054.139 Thread 0x00007fc03600b000 6470       1       java.lang.Exception::<init> (5 bytes)
Event: 1054.139 Thread 0x00007fc03600b000 nmethod 6470 0x000000011c27ea10 code [0x000000011c27eb80, 0x000000011c27ed08]

GC Heap History (10 events):
Event: 882.322 GC heap before
{Heap before GC invocations=25 (full 7):
 PSYoungGen      total 806400K, used 806381K [0x000000076ab00000, 0x00000007a7000000, 0x00000007c0000000)
  eden space 757248K, 100% used [0x000000076ab00000,0x0000000798e80000,0x0000000798e80000)
  from space 49152K, 99% used [0x0000000798e80000,0x000000079be7b700,0x000000079be80000)
  to   space 69120K, 0% used [0x00000007a2c80000,0x00000007a2c80000,0x00000007a7000000)
 ParOldGen       total 226304K, used 132406K [0x00000006c0000000, 0x00000006cdd00000, 0x000000076ab00000)
  object space 226304K, 58% used [0x00000006c0000000,0x00000006c814d8e8,0x00000006cdd00000)
 Metaspace       used 36547K, capacity 38180K, committed 38360K, reserved 1083392K
  class space    used 4534K, capacity 5103K, committed 5120K, reserved 1048576K
Event: 882.326 GC heap after
Heap after GC invocations=25 (full 7):
 PSYoungGen      total 728064K, used 3335K [0x000000076ab00000, 0x00000007a3000000, 0x00000007c0000000)
  eden space 724480K, 0% used [0x000000076ab00000,0x000000076ab00000,0x0000000796e80000)
  from space 3584K, 93% used [0x00000007a2c80000,0x00000007a2fc1f50,0x00000007a3000000)
  to   space 68608K, 0% used [0x000000079aa00000,0x000000079aa00000,0x000000079ed00000)
 ParOldGen       total 226304K, used 132694K [0x00000006c0000000, 0x00000006cdd00000, 0x000000076ab00000)
  object space 226304K, 58% used [0x00000006c0000000,0x00000006c81958e8,0x00000006cdd00000)
 Metaspace       used 36547K, capacity 38180K, committed 38360K, reserved 1083392K
  class space    used 4534K, capacity 5103K, committed 5120K, reserved 1048576K
}
Event: 919.100 GC heap before
{Heap before GC invocations=26 (full 7):
 PSYoungGen      total 728064K, used 727815K [0x000000076ab00000, 0x00000007a3000000, 0x00000007c0000000)
  eden space 724480K, 100% used [0x000000076ab00000,0x0000000796e80000,0x0000000796e80000)
  from space 3584K, 93% used [0x00000007a2c80000,0x00000007a2fc1f50,0x00000007a3000000)
  to   space 68608K, 0% used [0x000000079aa00000,0x000000079aa00000,0x000000079ed00000)
 ParOldGen       total 226304K, used 132694K [0x00000006c0000000, 0x00000006cdd00000, 0x000000076ab00000)
  object space 226304K, 58% used [0x00000006c0000000,0x00000006c81958e8,0x00000006cdd00000)
 Metaspace       used 36892K, capacity 38688K, committed 38744K, reserved 1083392K
  class space    used 4568K, capacity 5207K, committed 5248K, reserved 1048576K
Event: 919.113 GC heap after
Heap after GC invocations=26 (full 7):
 PSYoungGen      total 724992K, used 31041K [0x000000076ab00000, 0x00000007a2d00000, 0x00000007c0000000)
  eden space 693760K, 0% used [0x000000076ab00000,0x000000076ab00000,0x0000000795080000)
  from space 31232K, 99% used [0x000000079aa00000,0x000000079c8506f0,0x000000079c880000)
  to   space 67072K, 0% used [0x000000079eb80000,0x000000079eb80000,0x00000007a2d00000)
 ParOldGen       total 226304K, used 132702K [0x00000006c0000000, 0x00000006cdd00000, 0x000000076ab00000)
  object space 226304K, 58% used [0x00000006c0000000,0x00000006c81978e8,0x00000006cdd00000)
 Metaspace       used 36892K, capacity 38688K, committed 38744K, reserved 1083392K
  class space    used 4568K, capacity 5207K, committed 5248K, reserved 1048576K
}
Event: 952.611 GC heap before
{Heap before GC invocations=27 (full 7):
 PSYoungGen      total 724992K, used 724801K [0x000000076ab00000, 0x00000007a2d00000, 0x00000007c0000000)
  eden space 693760K, 100% used [0x000000076ab00000,0x0000000795080000,0x0000000795080000)
  from space 31232K, 99% used [0x000000079aa00000,0x000000079c8506f0,0x000000079c880000)
  to   space 67072K, 0% used [0x000000079eb80000,0x000000079eb80000,0x00000007a2d00000)
 ParOldGen       total 226304K, used 132702K [0x00000006c0000000, 0x00000006cdd00000, 0x000000076ab00000)
  object space 226304K, 58% used [0x00000006c0000000,0x00000006c81978e8,0x00000006cdd00000)
 Metaspace       used 36936K, capacity 38736K, committed 39000K, reserved 1083392K
  class space    used 4575K, capacity 5215K, committed 5248K, reserved 1048576K
Event: 952.619 GC heap after
Heap after GC invocations=27 (full 7):
 PSYoungGen      total 675840K, used 10900K [0x000000076ab00000, 0x000000079f680000, 0x00000007c0000000)
  eden space 664576K, 0% used [0x000000076ab00000,0x000000076ab00000,0x0000000793400000)
  from space 11264K, 96% used [0x000000079eb80000,0x000000079f6252a0,0x000000079f680000)
  to   space 65024K, 0% used [0x0000000797780000,0x0000000797780000,0x000000079b700000)
 ParOldGen       total 226304K, used 132710K [0x00000006c0000000, 0x00000006cdd00000, 0x000000076ab00000)
  object space 226304K, 58% used [0x00000006c0000000,0x00000006c81998e8,0x00000006cdd00000)
 Metaspace       used 36936K, capacity 38736K, committed 39000K, reserved 1083392K
  class space    used 4575K, capacity 5215K, committed 5248K, reserved 1048576K
}
Event: 1054.140 GC heap before
{Heap before GC invocations=28 (full 7):
 PSYoungGen      total 675840K, used 189703K [0x000000076ab00000, 0x000000079f680000, 0x00000007c0000000)
  eden space 664576K, 26% used [0x000000076ab00000,0x000000077599ca00,0x0000000793400000)
  from space 11264K, 96% used [0x000000079eb80000,0x000000079f6252a0,0x000000079f680000)
  to   space 65024K, 0% used [0x0000000797780000,0x0000000797780000,0x000000079b700000)
 ParOldGen       total 226304K, used 132710K [0x00000006c0000000, 0x00000006cdd00000, 0x000000076ab00000)
  object space 226304K, 58% used [0x00000006c0000000,0x00000006c81998e8,0x00000006cdd00000)
 Metaspace       used 36940K, capacity 38748K, committed 39000K, reserved 1083392K
  class space    used 4576K, capacity 5218K, committed 5248K, reserved 1048576K
Event: 1054.143 GC heap after
Heap after GC invocations=28 (full 7):
 PSYoungGen      total 666624K, used 1780K [0x000000076ab00000, 0x000000079ec00000, 0x00000007c0000000)
  eden space 664576K, 0% used [0x000000076ab00000,0x000000076ab00000,0x0000000793400000)
  from space 2048K, 86% used [0x0000000797780000,0x000000079793d1e0,0x0000000797980000)
  to   space 64000K, 0% used [0x000000079ad80000,0x000000079ad80000,0x000000079ec00000)
 ParOldGen       total 226304K, used 132710K [0x00000006c0000000, 0x00000006cdd00000, 0x000000076ab00000)
  object space 226304K, 58% used [0x00000006c0000000,0x00000006c81998e8,0x00000006cdd00000)
 Metaspace       used 36940K, capacity 38748K, committed 39000K, reserved 1083392K
  class space    used 4576K, capacity 5218K, committed 5248K, reserved 1048576K
}
Event: 1054.143 GC heap before
{Heap before GC invocations=29 (full 8):
 PSYoungGen      total 666624K, used 1780K [0x000000076ab00000, 0x000000079ec00000, 0x00000007c0000000)
  eden space 664576K, 0% used [0x000000076ab00000,0x000000076ab00000,0x0000000793400000)
  from space 2048K, 86% used [0x0000000797780000,0x000000079793d1e0,0x0000000797980000)
  to   space 64000K, 0% used [0x000000079ad80000,0x000000079ad80000,0x000000079ec00000)
 ParOldGen       total 226304K, used 132710K [0x00000006c0000000, 0x00000006cdd00000, 0x000000076ab00000)
  object space 226304K, 58% used [0x00000006c0000000,0x00000006c81998e8,0x00000006cdd00000)
 Metaspace       used 36940K, capacity 38748K, committed 39000K, reserved 1083392K
  class space    used 4576K, capacity 5218K, committed 5248K, reserved 1048576K
Event: 1054.316 GC heap after
Heap after GC invocations=29 (full 8):
 PSYoungGen      total 666624K, used 0K [0x000000076ab00000, 0x000000079ec00000, 0x00000007c0000000)
  eden space 664576K, 0% used [0x000000076ab00000,0x000000076ab00000,0x0000000793400000)
  from space 2048K, 0% used [0x0000000797780000,0x0000000797780000,0x0000000797980000)
  to   space 64000K, 0% used [0x000000079ad80000,0x000000079ad80000,0x000000079ec00000)
 ParOldGen       total 226304K, used 24383K [0x00000006c0000000, 0x00000006cdd00000, 0x000000076ab00000)
  object space 226304K, 10% used [0x00000006c0000000,0x00000006c17cffe0,0x00000006cdd00000)
 Metaspace       used 36918K, capacity 38694K, committed 39000K, reserved 1083392K
  class space    used 4571K, capacity 5200K, committed 5248K, reserved 1048576K
}

Deoptimization events (0 events):
No events

Internal exceptions (10 events):
Event: 918.717 Thread 0x00007fc032b21000 Exception <a 'java/lang/ArrayIndexOutOfBoundsException'> (0x000000078f0c70d8) thrown at [/Users/java_re/workspace/8-2-build-macosx-x86_64/jdk8u91/6644/hotspot/src/share/vm/runtime/sharedRuntime.cpp, line 605]
Event: 918.722 Thread 0x00007fc032b21000 Exception <a 'java/lang/ArrayIndexOutOfBoundsException'> (0x000000078f116f68) thrown at [/Users/java_re/workspace/8-2-build-macosx-x86_64/jdk8u91/6644/hotspot/src/share/vm/runtime/sharedRuntime.cpp, line 605]
Event: 918.738 Thread 0x00007fc032b21000 Exception <a 'java/lang/ArrayIndexOutOfBoundsException'> (0x000000078f3b9750) thrown at [/Users/java_re/workspace/8-2-build-macosx-x86_64/jdk8u91/6644/hotspot/src/share/vm/runtime/sharedRuntime.cpp, line 605]
Event: 918.744 Thread 0x00007fc032b21000 Exception <a 'java/lang/ArrayIndexOutOfBoundsException'> (0x000000078f4d3410) thrown at [/Users/java_re/workspace/8-2-build-macosx-x86_64/jdk8u91/6644/hotspot/src/share/vm/runtime/sharedRuntime.cpp, line 605]
Event: 918.747 Thread 0x00007fc032b21000 Exception <a 'java/lang/ArrayIndexOutOfBoundsException'> (0x000000078f54ce28) thrown at [/Users/java_re/workspace/8-2-build-macosx-x86_64/jdk8u91/6644/hotspot/src/share/vm/runtime/sharedRuntime.cpp, line 605]
Event: 952.397 Thread 0x00007fc033649800 Exception <a 'java/lang/ClassNotFoundException': java/lang/ObjectCustomizer> (0x0000000791484380) thrown at [/Users/java_re/workspace/8-2-build-macosx-x86_64/jdk8u91/6644/hotspot/src/share/vm/classfile/systemDictionary.cpp, line 210]
Event: 952.398 Thread 0x00007fc033649800 Exception <a 'java/lang/ArrayIndexOutOfBoundsException'> (0x00000007914876b8) thrown at [/Users/java_re/workspace/8-2-build-macosx-x86_64/jdk8u91/6644/hotspot/src/share/vm/runtime/sharedRuntime.cpp, line 605]
Event: 952.398 Thread 0x00007fc033649800 Exception <a 'java/lang/ClassNotFoundException': net/contal/spring/model/DatesDtoCustomizer> (0x000000079149c6b0) thrown at [/Users/java_re/workspace/8-2-build-macosx-x86_64/jdk8u91/6644/hotspot/src/share/vm/classfile/systemDictionary.cpp, line 210]
Event: 1054.134 Thread 0x00007fc0333ee000 Exception <a 'java/lang/InterruptedException': sleep interrupted> (0x000000076e316d18) thrown at [/Users/java_re/workspace/8-2-build-macosx-x86_64/jdk8u91/6644/hotspot/src/share/vm/prims/jvm.cpp, line 3215]
Event: 1054.139 Thread 0x00007fc036108000 Exception <a 'java/lang/InterruptedException': sleep interrupted> (0x00000007758fe688) thrown at [/Users/java_re/workspace/8-2-build-macosx-x86_64/jdk8u91/6644/hotspot/src/share/vm/prims/jvm.cpp, line 3215]

Events (10 events):
Event: 1054.140 Thread 0x00007fc0362f2800 Thread exited: 0x00007fc0362f2800
Event: 1054.140 Executing VM operation: ParallelGCSystemGC
Event: 1054.316 Executing VM operation: ParallelGCSystemGC done
Event: 1054.316 Thread 0x00007fc033b8e800 Thread exited: 0x00007fc033b8e800
Event: 1054.316 Executing VM operation: RevokeBias
Event: 1054.316 Thread 0x00007fc0362f2800 Thread added: 0x00007fc0362f2800
Event: 1054.316 Executing VM operation: RevokeBias done
Event: 1054.316 Executing VM operation: RevokeBias
Event: 1054.316 Executing VM operation: RevokeBias done
Event: 1054.317 Executing VM operation: BulkRevokeBias


Dynamic libraries:
0x000000002c4ca000 	/System/Library/Frameworks/Cocoa.framework/Versions/A/Cocoa
0x000000002c4ca000 	/System/Library/Frameworks/Security.framework/Versions/A/Security
0x000000002c4ca000 	/System/Library/Frameworks/ApplicationServices.framework/Versions/A/ApplicationServices
0x000000002c4ca000 	/usr/lib/libz.1.dylib
0x000000002c4ca000 	/usr/lib/libSystem.B.dylib
0x000000002c4ca000 	/usr/lib/libobjc.A.dylib
0x000000002c4ca000 	/System/Library/Frameworks/CoreFoundation.framework/Versions/A/CoreFoundation
0x000000002c4ca000 	/System/Library/Frameworks/Foundation.framework/Versions/C/Foundation
0x000000002c4ca000 	/System/Library/Frameworks/AppKit.framework/Versions/C/AppKit
0x000000002c4ca000 	/System/Library/Frameworks/CoreData.framework/Versions/A/CoreData
0x000000002c4ca000 	/System/Library/PrivateFrameworks/RemoteViewServices.framework/Versions/A/RemoteViewServices
0x000000002c4ca000 	/System/Library/PrivateFrameworks/UIFoundation.framework/Versions/A/UIFoundation
0x000000002c4ca000 	/System/Library/PrivateFrameworks/DFRFoundation.framework/Versions/A/DFRFoundation
0x000000002c4ca000 	/usr/lib/libenergytrace.dylib
0x000000002c4ca000 	/System/Library/PrivateFrameworks/SkyLight.framework/Versions/A/SkyLight
0x000000002c4ca000 	/System/Library/Frameworks/CoreGraphics.framework/Versions/A/CoreGraphics
0x000000002c4ca000 	/usr/lib/libScreenReader.dylib
0x000000002c4ca000 	/System/Library/Frameworks/Accelerate.framework/Versions/A/Accelerate
0x000000002c4ca000 	/System/Library/Frameworks/IOSurface.framework/Versions/A/IOSurface
0x000000002c4ca000 	/System/Library/Frameworks/AudioToolbox.framework/Versions/A/AudioToolbox
0x000000002c4ca000 	/System/Library/Frameworks/AudioUnit.framework/Versions/A/AudioUnit
0x000000002c4ca000 	/System/Library/PrivateFrameworks/DataDetectorsCore.framework/Versions/A/DataDetectorsCore
0x000000002c4ca000 	/System/Library/PrivateFrameworks/DesktopServicesPriv.framework/Versions/A/DesktopServicesPriv
0x000000002c4ca000 	/System/Library/Frameworks/Carbon.framework/Versions/A/Frameworks/HIToolbox.framework/Versions/A/HIToolbox
0x000000002c4ca000 	/usr/lib/libicucore.A.dylib
0x000000002c4ca000 	/System/Library/Frameworks/QuartzCore.framework/Versions/A/QuartzCore
0x000000002c4ca000 	/System/Library/Frameworks/Carbon.framework/Versions/A/Frameworks/SpeechRecognition.framework/Versions/A/SpeechRecognition
0x000000002c4ca000 	/usr/lib/libauto.dylib
0x000000002c4ca000 	/usr/lib/libxml2.2.dylib
0x000000002c4ca000 	/System/Library/PrivateFrameworks/CoreUI.framework/Versions/A/CoreUI
0x000000002c4ca000 	/System/Library/Frameworks/CoreAudio.framework/Versions/A/CoreAudio
0x000000002c4ca000 	/System/Library/Frameworks/DiskArbitration.framework/Versions/A/DiskArbitration
0x000000002c4ca000 	/usr/lib/liblangid.dylib
0x000000002c4ca000 	/System/Library/PrivateFrameworks/MultitouchSupport.framework/Versions/A/MultitouchSupport
0x000000002c4ca000 	/System/Library/Frameworks/IOKit.framework/Versions/A/IOKit
0x000000002c4ca000 	/usr/lib/libDiagnosticMessagesClient.dylib
0x000000002c4ca000 	/System/Library/Frameworks/CoreServices.framework/Versions/A/CoreServices
0x000000002c4ca000 	/System/Library/PrivateFrameworks/PerformanceAnalysis.framework/Versions/A/PerformanceAnalysis
0x000000002c4ca000 	/System/Library/PrivateFrameworks/GenerationalStorage.framework/Versions/A/GenerationalStorage
0x000000002c4ca000 	/System/Library/Frameworks/OpenGL.framework/Versions/A/OpenGL
0x000000002c4ca000 	/System/Library/Frameworks/CoreImage.framework/Versions/A/CoreImage
0x000000002c4ca000 	/System/Library/Frameworks/CoreText.framework/Versions/A/CoreText
0x000000002c4ca000 	/System/Library/Frameworks/ImageIO.framework/Versions/A/ImageIO
0x000000002c4ca000 	/System/Library/PrivateFrameworks/Backup.framework/Versions/A/Backup
0x000000002c4ca000 	/usr/lib/libarchive.2.dylib
0x000000002c4ca000 	/System/Library/Frameworks/CFNetwork.framework/Versions/A/CFNetwork
0x000000002c4ca000 	/System/Library/Frameworks/SystemConfiguration.framework/Versions/A/SystemConfiguration
0x000000002c4ca000 	/usr/lib/libCRFSuite.dylib
0x000000002c4ca000 	/usr/lib/libc++.1.dylib
0x000000002c4ca000 	/usr/lib/libc++abi.dylib
0x000000002c4ca000 	/usr/lib/system/libcache.dylib
0x000000002c4ca000 	/usr/lib/system/libcommonCrypto.dylib
0x000000002c4ca000 	/usr/lib/system/libcompiler_rt.dylib
0x000000002c4ca000 	/usr/lib/system/libcopyfile.dylib
0x000000002c4ca000 	/usr/lib/system/libcorecrypto.dylib
0x000000002c4ca000 	/usr/lib/system/libdispatch.dylib
0x000000002c4ca000 	/usr/lib/system/libdyld.dylib
0x000000002c4ca000 	/usr/lib/system/libkeymgr.dylib
0x000000002c4ca000 	/usr/lib/system/liblaunch.dylib
0x000000002c4ca000 	/usr/lib/system/libmacho.dylib
0x000000002c4ca000 	/usr/lib/system/libquarantine.dylib
0x000000002c4ca000 	/usr/lib/system/libremovefile.dylib
0x000000002c4ca000 	/usr/lib/system/libsystem_asl.dylib
0x000000002c4ca000 	/usr/lib/system/libsystem_blocks.dylib
0x000000002c4ca000 	/usr/lib/system/libsystem_c.dylib
0x000000002c4ca000 	/usr/lib/system/libsystem_configuration.dylib
0x000000002c4ca000 	/usr/lib/system/libsystem_coreservices.dylib
0x000000002c4ca000 	/usr/lib/system/libsystem_coretls.dylib
0x000000002c4ca000 	/usr/lib/system/libsystem_dnssd.dylib
0x000000002c4ca000 	/usr/lib/system/libsystem_info.dylib
0x000000002c4ca000 	/usr/lib/system/libsystem_kernel.dylib
0x000000002c4ca000 	/usr/lib/system/libsystem_m.dylib
0x000000002c4ca000 	/usr/lib/system/libsystem_malloc.dylib
0x000000002c4ca000 	/usr/lib/system/libsystem_network.dylib
0x000000002c4ca000 	/usr/lib/system/libsystem_networkextension.dylib
0x000000002c4ca000 	/usr/lib/system/libsystem_notify.dylib
0x000000002c4ca000 	/usr/lib/system/libsystem_platform.dylib
0x000000002c4ca000 	/usr/lib/system/libsystem_pthread.dylib
0x000000002c4ca000 	/usr/lib/system/libsystem_sandbox.dylib
0x000000002c4ca000 	/usr/lib/system/libsystem_secinit.dylib
0x000000002c4ca000 	/usr/lib/system/libsystem_symptoms.dylib
0x000000002c4ca000 	/usr/lib/system/libsystem_trace.dylib
0x000000002c4ca000 	/usr/lib/system/libunwind.dylib
0x000000002c4ca000 	/usr/lib/system/libxpc.dylib
0x000000002c4ca000 	/usr/lib/libbsm.0.dylib
0x000000002c4ca000 	/usr/lib/system/libkxld.dylib
0x000000002c4ca000 	/usr/lib/libcoretls.dylib
0x000000002c4ca000 	/usr/lib/libcoretls_cfhelpers.dylib
0x000000002c4ca000 	/usr/lib/libOpenScriptingUtil.dylib
0x000000002c4ca000 	/usr/lib/libpam.2.dylib
0x000000002c4ca000 	/usr/lib/libsqlite3.dylib
0x000000002c4ca000 	/usr/lib/libxar.1.dylib
0x000000002c4ca000 	/usr/lib/libbz2.1.0.dylib
0x000000002c4ca000 	/usr/lib/liblzma.5.dylib
0x000000002c4ca000 	/usr/lib/libnetwork.dylib
0x000000002c4ca000 	/usr/lib/libpcap.A.dylib
0x000000002c4ca000 	/System/Library/Frameworks/CoreServices.framework/Versions/A/Frameworks/FSEvents.framework/Versions/A/FSEvents
0x000000002c4ca000 	/System/Library/Frameworks/CoreServices.framework/Versions/A/Frameworks/CarbonCore.framework/Versions/A/CarbonCore
0x000000002c4ca000 	/System/Library/Frameworks/CoreServices.framework/Versions/A/Frameworks/Metadata.framework/Versions/A/Metadata
0x000000002c4ca000 	/System/Library/Frameworks/CoreServices.framework/Versions/A/Frameworks/OSServices.framework/Versions/A/OSServices
0x000000002c4ca000 	/System/Library/Frameworks/CoreServices.framework/Versions/A/Frameworks/SearchKit.framework/Versions/A/SearchKit
0x000000002c4ca000 	/System/Library/Frameworks/CoreServices.framework/Versions/A/Frameworks/AE.framework/Versions/A/AE
0x000000002c4ca000 	/System/Library/Frameworks/CoreServices.framework/Versions/A/Frameworks/LaunchServices.framework/Versions/A/LaunchServices
0x000000002c4ca000 	/System/Library/Frameworks/CoreServices.framework/Versions/A/Frameworks/DictionaryServices.framework/Versions/A/DictionaryServices
0x000000002c4ca000 	/System/Library/Frameworks/CoreServices.framework/Versions/A/Frameworks/SharedFileList.framework/Versions/A/SharedFileList
0x000000002c4ca000 	/System/Library/Frameworks/NetFS.framework/Versions/A/NetFS
0x000000002c4ca000 	/System/Library/PrivateFrameworks/NetAuth.framework/Versions/A/NetAuth
0x000000002c4ca000 	/System/Library/PrivateFrameworks/login.framework/Versions/A/Frameworks/loginsupport.framework/Versions/A/loginsupport
0x000000002c4ca000 	/System/Library/PrivateFrameworks/TCC.framework/Versions/A/TCC
0x000000002c4ca000 	/usr/lib/libmecabra.dylib
0x000000002c4ca000 	/System/Library/Frameworks/ApplicationServices.framework/Versions/A/Frameworks/ATS.framework/Versions/A/ATS
0x000000002c4ca000 	/System/Library/Frameworks/ApplicationServices.framework/Versions/A/Frameworks/ColorSync.framework/Versions/A/ColorSync
0x000000002c4ca000 	/System/Library/Frameworks/ApplicationServices.framework/Versions/A/Frameworks/HIServices.framework/Versions/A/HIServices
0x000000002c4ca000 	/System/Library/Frameworks/ApplicationServices.framework/Versions/A/Frameworks/LangAnalysis.framework/Versions/A/LangAnalysis
0x000000002c4ca000 	/System/Library/Frameworks/ApplicationServices.framework/Versions/A/Frameworks/PrintCore.framework/Versions/A/PrintCore
0x000000002c4ca000 	/System/Library/Frameworks/ApplicationServices.framework/Versions/A/Frameworks/QD.framework/Versions/A/QD
0x000000002c4ca000 	/System/Library/Frameworks/ApplicationServices.framework/Versions/A/Frameworks/SpeechSynthesis.framework/Versions/A/SpeechSynthesis
0x000000002c4ca000 	/System/Library/Frameworks/Accelerate.framework/Versions/A/Frameworks/vImage.framework/Versions/A/vImage
0x000000002c4ca000 	/System/Library/Frameworks/Accelerate.framework/Versions/A/Frameworks/vecLib.framework/Versions/A/vecLib
0x000000002c4ca000 	/System/Library/Frameworks/Accelerate.framework/Versions/A/Frameworks/vecLib.framework/Versions/A/libvDSP.dylib
0x000000002c4ca000 	/System/Library/Frameworks/Accelerate.framework/Versions/A/Frameworks/vecLib.framework/Versions/A/libBNNS.dylib
0x000000002c4ca000 	/System/Library/Frameworks/Accelerate.framework/Versions/A/Frameworks/vecLib.framework/Versions/A/libQuadrature.dylib
0x000000002c4ca000 	/System/Library/Frameworks/Accelerate.framework/Versions/A/Frameworks/vecLib.framework/Versions/A/libvMisc.dylib
0x000000002c4ca000 	/System/Library/Frameworks/Accelerate.framework/Versions/A/Frameworks/vecLib.framework/Versions/A/libLAPACK.dylib
0x000000002c4ca000 	/System/Library/Frameworks/Accelerate.framework/Versions/A/Frameworks/vecLib.framework/Versions/A/libBLAS.dylib
0x000000002c4ca000 	/System/Library/Frameworks/Accelerate.framework/Versions/A/Frameworks/vecLib.framework/Versions/A/libLinearAlgebra.dylib
0x000000002c4ca000 	/System/Library/Frameworks/Accelerate.framework/Versions/A/Frameworks/vecLib.framework/Versions/A/libSparseBLAS.dylib
0x000000002c4ca000 	/System/Library/Frameworks/ApplicationServices.framework/Versions/A/Frameworks/ATS.framework/Versions/A/Resources/libFontParser.dylib
0x000000002c4ca000 	/System/Library/Frameworks/ApplicationServices.framework/Versions/A/Frameworks/ATS.framework/Versions/A/Resources/libFontRegistry.dylib
0x000000002c4ca000 	/System/Library/Frameworks/ImageIO.framework/Versions/A/Resources/libJPEG.dylib
0x000000002c4ca000 	/System/Library/Frameworks/ImageIO.framework/Versions/A/Resources/libTIFF.dylib
0x000000002c4ca000 	/System/Library/Frameworks/ImageIO.framework/Versions/A/Resources/libPng.dylib
0x000000002c4ca000 	/System/Library/Frameworks/ImageIO.framework/Versions/A/Resources/libGIF.dylib
0x000000002c4ca000 	/System/Library/Frameworks/ImageIO.framework/Versions/A/Resources/libJP2.dylib
0x000000002c4ca000 	/System/Library/Frameworks/ImageIO.framework/Versions/A/Resources/libRadiance.dylib
0x000000002c4ca000 	/usr/lib/libcompression.dylib
0x000000002c4ca000 	/System/Library/PrivateFrameworks/AppleJPEG.framework/Versions/A/AppleJPEG
0x000000002c4ca000 	/usr/lib/libcups.2.dylib
0x000000002c4ca000 	/System/Library/Frameworks/Kerberos.framework/Versions/A/Kerberos
0x000000002c4ca000 	/System/Library/Frameworks/GSS.framework/Versions/A/GSS
0x000000002c4ca000 	/usr/lib/libresolv.9.dylib
0x000000002c4ca000 	/usr/lib/libiconv.2.dylib
0x000000002c4ca000 	/System/Library/PrivateFrameworks/Heimdal.framework/Versions/A/Heimdal
0x000000002c4ca000 	/usr/lib/libheimdal-asn1.dylib
0x000000002c4ca000 	/System/Library/Frameworks/OpenDirectory.framework/Versions/A/OpenDirectory
0x000000002c4ca000 	/System/Library/PrivateFrameworks/CommonAuth.framework/Versions/A/CommonAuth
0x000000002c4ca000 	/System/Library/Frameworks/OpenDirectory.framework/Versions/A/Frameworks/CFOpenDirectory.framework/Versions/A/CFOpenDirectory
0x000000002c4ca000 	/System/Library/Frameworks/SecurityFoundation.framework/Versions/A/SecurityFoundation
0x000000002c4ca000 	/System/Library/PrivateFrameworks/LanguageModeling.framework/Versions/A/LanguageModeling
0x000000002c4ca000 	/usr/lib/libmarisa.dylib
0x000000002c4ca000 	/usr/lib/libChineseTokenizer.dylib
0x000000002c4ca000 	/usr/lib/libcmph.dylib
0x000000002c4ca000 	/System/Library/PrivateFrameworks/CoreEmoji.framework/Versions/A/CoreEmoji
0x000000002c4ca000 	/System/Library/Frameworks/ServiceManagement.framework/Versions/A/ServiceManagement
0x000000002c4ca000 	/usr/lib/libxslt.1.dylib
0x000000002c4ca000 	/System/Library/Frameworks/Carbon.framework/Versions/A/Frameworks/Ink.framework/Versions/A/Ink
0x000000002c4ca000 	/System/Library/PrivateFrameworks/TextureIO.framework/Versions/A/TextureIO
0x000000002c4ca000 	/System/Library/Frameworks/Metal.framework/Versions/A/Metal
0x000000002c4ca000 	/usr/lib/libate.dylib
0x000000002c4ca000 	/System/Library/PrivateFrameworks/GPUCompiler.framework/libmetal_timestamp.dylib
0x000000002c4ca000 	/System/Library/Frameworks/OpenGL.framework/Versions/A/Libraries/libCoreFSCache.dylib
0x000000002c4ca000 	/System/Library/PrivateFrameworks/IOAccelerator.framework/Versions/A/IOAccelerator
0x000000002c4ca000 	/System/Library/Frameworks/CoreVideo.framework/Versions/A/CoreVideo
0x000000002c4ca000 	/usr/lib/libFosl_dynamic.dylib
0x000000002c4ca000 	/System/Library/PrivateFrameworks/MetalPerformanceShaders.framework/Versions/A/MetalPerformanceShaders
0x000000002c4ca000 	/System/Library/PrivateFrameworks/FaceCore.framework/Versions/A/FaceCore
0x000000002c4ca000 	/System/Library/Frameworks/OpenCL.framework/Versions/A/OpenCL
0x000000002c4ca000 	/System/Library/Frameworks/OpenGL.framework/Versions/A/Libraries/libGLU.dylib
0x000000002c4ca000 	/System/Library/Frameworks/OpenGL.framework/Versions/A/Libraries/libGFXShared.dylib
0x000000002c4ca000 	/System/Library/Frameworks/OpenGL.framework/Versions/A/Libraries/libGL.dylib
0x000000002c4ca000 	/System/Library/Frameworks/OpenGL.framework/Versions/A/Libraries/libGLImage.dylib
0x000000002c4ca000 	/System/Library/Frameworks/OpenGL.framework/Versions/A/Libraries/libCVMSPluginSupport.dylib
0x000000002c4ca000 	/System/Library/Frameworks/OpenGL.framework/Versions/A/Libraries/libCoreVMClient.dylib
0x000000002c4ca000 	/System/Library/PrivateFrameworks/CrashReporterSupport.framework/Versions/A/CrashReporterSupport
0x000000002c4ca000 	/System/Library/PrivateFrameworks/Sharing.framework/Versions/A/Sharing
0x000000002c4ca000 	/System/Library/PrivateFrameworks/IconServices.framework/Versions/A/IconServices
0x000000002c4ca000 	/System/Library/PrivateFrameworks/ProtocolBuffer.framework/Versions/A/ProtocolBuffer
0x000000002c4ca000 	/System/Library/PrivateFrameworks/Apple80211.framework/Versions/A/Apple80211
0x000000002c4ca000 	/System/Library/Frameworks/CoreWLAN.framework/Versions/A/CoreWLAN
0x000000002c4ca000 	/System/Library/PrivateFrameworks/CoreUtils.framework/Versions/A/CoreUtils
0x000000002c4ca000 	/System/Library/Frameworks/IOBluetooth.framework/Versions/A/IOBluetooth
0x000000002c4ca000 	/System/Library/PrivateFrameworks/CoreWiFi.framework/Versions/A/CoreWiFi
0x000000002c4ca000 	/System/Library/Frameworks/CoreBluetooth.framework/Versions/A/CoreBluetooth
0x000000002c4ca000 	/System/Library/Frameworks/CoreDisplay.framework/Versions/A/CoreDisplay
0x000000002c4ca000 	/System/Library/PrivateFrameworks/IOPresentment.framework/Versions/A/IOPresentment
0x000000002c4ca000 	/System/Library/PrivateFrameworks/DSExternalDisplay.framework/Versions/A/DSExternalDisplay
0x000000002c4ca000 	/System/Library/PrivateFrameworks/DebugSymbols.framework/Versions/A/DebugSymbols
0x000000002c4ca000 	/System/Library/PrivateFrameworks/CoreSymbolication.framework/Versions/A/CoreSymbolication
0x000000002c4ca000 	/System/Library/PrivateFrameworks/Symbolication.framework/Versions/A/Symbolication
0x000000002c4ca000 	/System/Library/PrivateFrameworks/AppleFSCompression.framework/Versions/A/AppleFSCompression
0x000000002c4ca000 	/System/Library/PrivateFrameworks/SpeechRecognitionCore.framework/Versions/A/SpeechRecognitionCore
0x000000002c4ca000 	/System/Library/PrivateFrameworks/ChunkingLibrary.framework/Versions/A/ChunkingLibrary
0x0000000110400000 	/Library/Java/JavaVirtualMachines/jdk1.8.0_91.jdk/Contents/Home/jre/lib/server/libjvm.dylib
0x000000002c4ca000 	/usr/lib/libstdc++.6.dylib
0x000000010f2a1000 	/Library/Java/JavaVirtualMachines/jdk1.8.0_91.jdk/Contents/Home/jre/lib/libverify.dylib
0x000000010f2af000 	/Library/Java/JavaVirtualMachines/jdk1.8.0_91.jdk/Contents/Home/jre/lib/libjava.dylib
0x000000010f2ee000 	/Library/Java/JavaVirtualMachines/jdk1.8.0_91.jdk/Contents/Home/jre/lib/libzip.dylib
0x000000012c3f1000 	/System/Library/Frameworks/JavaVM.framework/Frameworks/JavaRuntimeSupport.framework/JavaRuntimeSupport
0x000000010f3eb000 	/System/Library/Frameworks/JavaVM.framework/Versions/A/Frameworks/JavaNativeFoundation.framework/Versions/A/JavaNativeFoundation
0x000000011b3d6000 	/System/Library/Frameworks/JavaVM.framework/Versions/A/JavaVM
0x000000002c4ca000 	/System/Library/Frameworks/Carbon.framework/Versions/A/Carbon
0x000000012c40b000 	/System/Library/PrivateFrameworks/JavaLaunching.framework/Versions/A/JavaLaunching
0x000000002c4ca000 	/System/Library/Frameworks/Carbon.framework/Versions/A/Frameworks/CommonPanels.framework/Versions/A/CommonPanels
0x000000002c4ca000 	/System/Library/Frameworks/Carbon.framework/Versions/A/Frameworks/Help.framework/Versions/A/Help
0x000000002c4ca000 	/System/Library/Frameworks/Carbon.framework/Versions/A/Frameworks/ImageCapture.framework/Versions/A/ImageCapture
0x000000002c4ca000 	/System/Library/Frameworks/Carbon.framework/Versions/A/Frameworks/OpenScripting.framework/Versions/A/OpenScripting
0x000000002c4ca000 	/System/Library/Frameworks/Carbon.framework/Versions/A/Frameworks/Print.framework/Versions/A/Print
0x000000002c4ca000 	/System/Library/Frameworks/Carbon.framework/Versions/A/Frameworks/SecurityHI.framework/Versions/A/SecurityHI
0x000000012dd18000 	/Library/Java/JavaVirtualMachines/jdk1.8.0_91.jdk/Contents/Home/jre/lib/libmanagement.dylib
0x000000012dd26000 	/Library/Java/JavaVirtualMachines/jdk1.8.0_91.jdk/Contents/Home/jre/lib/libnet.dylib
0x000000012dd85000 	/Library/Java/JavaVirtualMachines/jdk1.8.0_91.jdk/Contents/Home/jre/lib/libnio.dylib
0x000000012f5e3000 	/private/var/folders/43/qhgkn4454nn5mztzh64dssgh0000gn/T/sqlite-3.8.11.2-321d7d5a-f6fe-4e79-aa36-3e0e6a545544-libsqlitejdbc.jnilib

VM Arguments:
jvm_args: -Dcom.sun.management.jmxremote -Dcom.sun.management.jmxremote.port=56580 -Dcom.sun.management.jmxremote.authenticate=false -Dcom.sun.management.jmxremote.ssl=false -Djava.rmi.server.hostname=localhost -Dspring.application.admin.enabled=true -Djava.security.egd=file:/dev/./urandom -Xverify:none -XX:TieredStopAtLevel=1 -Dfile.encoding=UTF-8 
java_command: net.contal.spring.SpringBootJpsApplication
java_class_path (initial): /Users/betwar/Desktop/workspace-oxygen/spring-boot-themleaf/bin:/Users/betwar/.gradle/caches/modules-2/files-2.1/org.springframework.boot/spring-boot-starter-web/1.5.6.RELEASE/6f47b0a9e7e39b46b9e66ebdd2bff1c7edee5930/spring-boot-starter-web-1.5.6.RELEASE.jar:/Users/betwar/.gradle/caches/modules-2/files-2.1/org.springframework.boot/spring-boot-starter-thymeleaf/1.5.6.RELEASE/efa51e8d562c6d3c95906f77787d232649f7c730/spring-boot-starter-thymeleaf-1.5.6.RELEASE.jar:/Users/betwar/.gradle/caches/modules-2/files-2.1/org.springframework.boot/spring-boot-devtools/1.5.6.RELEASE/491de9b0131a4210de1ec449aad8366e2540f86/spring-boot-devtools-1.5.6.RELEASE.jar:/Users/betwar/.gradle/caches/modules-2/files-2.1/org.apache.commons/commons-lang3/3.5/6c6c702c89bfff3cd9e80b04d668c5e190d588c6/commons-lang3-3.5.jar:/Users/betwar/.gradle/caches/modules-2/files-2.1/com.google.code.gson/gson/2.8.1/2a8e0aa38a2e21cb39e2f5a7d6704cbdc941da0/gson-2.8.1.jar:/Users/betwar/.gradle/caches/modules-2/files-2.1/org.springframework.boot/spring-boot-starter/1.5.6.RELEASE/58c72d105fdf41f605c15c243b72300fa78cccd1/spring-boot-starter-1.5.6.RELEASE.jar:/Users/betwar/.gradle/caches/modules-2/files-2.1/org.springframework.boot/spring-boot-starter-tomcat/1.5.6.RELEASE/1d0960e91dfdad2b6b82700ba1613c006355669/spring-boot-starter-tomcat-1.5.6.RELEASE.jar:/Users/betwar/.gradle/caches/modules-2/files-2.1/org.hibernate/hibernate-validator/5.3.5.Final/622a9bcef2eed6d41b5b8e0662c36212009e375/hibernate-validator-5.3.5.Final.jar:/Users/betwar/.gradle/caches/modules-2/files-2.1/com.fasterxml.jackson.core/jackson-databind/2.8.9/4dfca3975be3c1a98eacb829e70f02e9a71bc159/jackson-databind-2.8.9.jar:/Users/betwar/.gradle/caches/modules-2/files-2.1/org.springframework/spring-web/4.3.10.RELEASE/6344501cb03cb4787c67cf3f820a471e07b9203b/spring-web-4.3.10.RELEASE.jar:/Users/betwar/.gradle/caches/modules-2/files-2.1/org.springframework/spring-webmvc/4.3.10.RELEASE/6809017a5a76bdaf1957f1cc0a892d448fc6f3df/sp
Launcher Type: SUN_STANDARD

Environment Variables:
PATH=/usr/bin:/bin:/usr/sbin:/sbin
SHELL=/bin/bash

Signal Handlers:
SIGSEGV: [libjvm.dylib+0x5a97a1], sa_mask[0]=11111111011111110111111111111111, sa_flags=SA_ONSTACK|SA_RESTART|SA_SIGINFO
SIGBUS: [libjvm.dylib+0x5a97a1], sa_mask[0]=11111111011111110111111111111111, sa_flags=SA_RESTART|SA_SIGINFO
SIGFPE: [libjvm.dylib+0x482594], sa_mask[0]=11111111011111110111111111111111, sa_flags=SA_RESTART|SA_SIGINFO
SIGPIPE: [libjvm.dylib+0x482594], sa_mask[0]=11111111011111110111111111111111, sa_flags=SA_RESTART|SA_SIGINFO
SIGXFSZ: [libjvm.dylib+0x482594], sa_mask[0]=11111111011111110111111111111111, sa_flags=SA_RESTART|SA_SIGINFO
SIGILL: [libjvm.dylib+0x482594], sa_mask[0]=11111111011111110111111111111111, sa_flags=SA_RESTART|SA_SIGINFO
SIGUSR1: SIG_DFL, sa_mask[0]=00000000000000000000000000000000, sa_flags=none
SIGUSR2: [libjvm.dylib+0x4820b2], sa_mask[0]=00100000000000000000000000000000, sa_flags=SA_RESTART|SA_SIGINFO
SIGHUP: [libjvm.dylib+0x480689], sa_mask[0]=11111111011111110111111111111111, sa_flags=SA_RESTART|SA_SIGINFO
SIGINT: [libjvm.dylib+0x480689], sa_mask[0]=11111111011111110111111111111111, sa_flags=SA_RESTART|SA_SIGINFO
SIGTERM: [libjvm.dylib+0x480689], sa_mask[0]=11111111011111110111111111111111, sa_flags=SA_RESTART|SA_SIGINFO
SIGQUIT: [libjvm.dylib+0x480689], sa_mask[0]=11111111011111110111111111111111, sa_flags=SA_RESTART|SA_SIGINFO


---------------  S Y S T E M  ---------------

OS:Bsduname:Darwin 16.7.0 Darwin Kernel Version 16.7.0: Thu Jun 15 17:36:27 PDT 2017; root:xnu-3789.70.16~2/RELEASE_X86_64 x86_64
rlimit: STACK 8192k, CORE 0k, NPROC 709, NOFILE 10240, AS infinity
load average:2.13 2.22 2.16

CPU:total 8 (4 cores per cpu, 2 threads per core) family 6 model 58 stepping 9, cmov, cx8, fxsr, mmx, sse, sse2, sse3, ssse3, sse4.1, sse4.2, popcnt, avx, aes, clmul, erms, ht, tsc, tscinvbit, tscinv

Memory: 4k page, physical 16777216k(15704k free)

/proc/meminfo:


vm_info: Java HotSpot(TM) 64-Bit Server VM (25.91-b14) for bsd-amd64 JRE (1.8.0_91-b14), built on Apr  1 2016 01:03:00 by "java_re" with gcc 4.2.1 (Based on Apple Inc. build 5658) (LLVM build 2336.11.00)

time: Tue Sep 12 13:41:50 2017
elapsed time: 1054 seconds (0d 0h 17m 34s)

